Started GET "/" for ::1 at 2021-09-27 09:09:24 -0700

PG::ConnectionBad - could not connect to server: No such file or directory
	Is the server running locally and accepting
	connections on Unix domain socket "/var/run/postgresql/.s.PGSQL.5432"?:

Started POST "/__better_errors/53d88b90606689d0/variables" for ::1 at 2021-09-27 09:09:24 -0700
Started GET "/" for ::1 at 2021-09-27 09:09:26 -0700

PG::ConnectionBad - could not connect to server: No such file or directory
	Is the server running locally and accepting
	connections on Unix domain socket "/var/run/postgresql/.s.PGSQL.5432"?:

Started POST "/__better_errors/f4180ace430b687e/variables" for ::1 at 2021-09-27 09:09:27 -0700
Started GET "/" for ::1 at 2021-09-27 09:09:28 -0700

PG::ConnectionBad - could not connect to server: No such file or directory
	Is the server running locally and accepting
	connections on Unix domain socket "/var/run/postgresql/.s.PGSQL.5432"?:

Started POST "/__better_errors/97e1b3042fc11c34/variables" for ::1 at 2021-09-27 09:09:28 -0700
  [1m[35m (1.1ms)[0m  [1m[35mCREATE DATABASE "discord_development" ENCODING = 'unicode'[0m
  ↳ bin/rails:9
  [1m[35m (0.6ms)[0m  [1m[35mCREATE DATABASE "discord_test" ENCODING = 'unicode'[0m
  ↳ bin/rails:9
Started GET "/" for ::1 at 2021-09-27 09:10:16 -0700
Processing by Rails::WelcomeController#index as HTML
  Rendering /home/tkla/.rbenv/versions/2.5.1/lib/ruby/gems/2.5.0/gems/railties-5.2.6/lib/rails/templates/rails/welcome/index.html.erb
  Rendered /home/tkla/.rbenv/versions/2.5.1/lib/ruby/gems/2.5.0/gems/railties-5.2.6/lib/rails/templates/rails/welcome/index.html.erb (2.0ms)
Completed 200 OK in 7ms (Views: 5.1ms | ActiveRecord: 0.0ms)


Started GET "/" for ::1 at 2021-09-27 09:10:17 -0700
Processing by Rails::WelcomeController#index as HTML
  Rendering /home/tkla/.rbenv/versions/2.5.1/lib/ruby/gems/2.5.0/gems/railties-5.2.6/lib/rails/templates/rails/welcome/index.html.erb
  Rendered /home/tkla/.rbenv/versions/2.5.1/lib/ruby/gems/2.5.0/gems/railties-5.2.6/lib/rails/templates/rails/welcome/index.html.erb (1.3ms)
Completed 200 OK in 3ms (Views: 2.1ms | ActiveRecord: 0.0ms)


Started GET "/" for ::1 at 2021-09-27 09:10:19 -0700
Processing by Rails::WelcomeController#index as HTML
  Rendering /home/tkla/.rbenv/versions/2.5.1/lib/ruby/gems/2.5.0/gems/railties-5.2.6/lib/rails/templates/rails/welcome/index.html.erb
  Rendered /home/tkla/.rbenv/versions/2.5.1/lib/ruby/gems/2.5.0/gems/railties-5.2.6/lib/rails/templates/rails/welcome/index.html.erb (1.2ms)
Completed 200 OK in 3ms (Views: 2.0ms | ActiveRecord: 0.0ms)


Started GET "/" for ::1 at 2021-09-27 09:10:26 -0700
Processing by Rails::WelcomeController#index as HTML
  Rendering /home/tkla/.rbenv/versions/2.5.1/lib/ruby/gems/2.5.0/gems/railties-5.2.6/lib/rails/templates/rails/welcome/index.html.erb
  Rendered /home/tkla/.rbenv/versions/2.5.1/lib/ruby/gems/2.5.0/gems/railties-5.2.6/lib/rails/templates/rails/welcome/index.html.erb (1.5ms)
Completed 200 OK in 3ms (Views: 2.4ms | ActiveRecord: 0.0ms)


Started GET "/" for ::1 at 2021-09-27 09:10:29 -0700
Processing by Rails::WelcomeController#index as HTML
  Rendering /home/tkla/.rbenv/versions/2.5.1/lib/ruby/gems/2.5.0/gems/railties-5.2.6/lib/rails/templates/rails/welcome/index.html.erb
  Rendered /home/tkla/.rbenv/versions/2.5.1/lib/ruby/gems/2.5.0/gems/railties-5.2.6/lib/rails/templates/rails/welcome/index.html.erb (1.3ms)
Completed 200 OK in 3ms (Views: 2.0ms | ActiveRecord: 0.0ms)


Started GET "/" for ::1 at 2021-09-27 09:13:14 -0700
Processing by StaticPagesController#root as HTML
  Rendering static_pages/root.html.erb within layouts/application
  Rendered static_pages/root.html.erb within layouts/application (0.5ms)
Completed 500 Internal Server Error in 113ms (ActiveRecord: 0.0ms)



Sprockets::FileNotFound - couldn't find file 'jquery' with type 'application/javascript'
Checked in these paths: 
  /home/tkla/clonedRepos/DiscordClone/app/assets/config
  /home/tkla/clonedRepos/DiscordClone/app/assets/images
  /home/tkla/clonedRepos/DiscordClone/app/assets/javascripts
  /home/tkla/clonedRepos/DiscordClone/app/assets/stylesheets
  /home/tkla/.rbenv/versions/2.5.1/lib/ruby/gems/2.5.0/gems/coffee-rails-4.2.2/lib/assets/javascripts
  /home/tkla/.rbenv/versions/2.5.1/lib/ruby/gems/2.5.0/gems/actioncable-5.2.6/lib/assets/compiled
  /home/tkla/.rbenv/versions/2.5.1/lib/ruby/gems/2.5.0/gems/activestorage-5.2.6/app/assets/javascripts
  /home/tkla/.rbenv/versions/2.5.1/lib/ruby/gems/2.5.0/gems/actionview-5.2.6/lib/assets/compiled
  /home/tkla/clonedRepos/DiscordClone/node_modules:
  app/views/layouts/application.html.erb:8:in `_app_views_layouts_application_html_erb___291716389147818469_47014678999740'

Started POST "/__better_errors/484e8e10018d8db7/variables" for ::1 at 2021-09-27 09:13:14 -0700
Started GET "/" for ::1 at 2021-09-27 09:16:29 -0700
Processing by StaticPagesController#root as HTML
  Rendering static_pages/root.html.erb within layouts/application
  Rendered static_pages/root.html.erb within layouts/application (0.6ms)
Completed 200 OK in 1608ms (Views: 1606.9ms | ActiveRecord: 0.0ms)


  [1m[35m (96.3ms)[0m  [1m[35mCREATE TABLE "schema_migrations" ("version" character varying NOT NULL PRIMARY KEY)[0m
  ↳ bin/rails:9
  [1m[35m (26.5ms)[0m  [1m[35mCREATE TABLE "ar_internal_metadata" ("key" character varying NOT NULL PRIMARY KEY, "value" character varying, "created_at" timestamp NOT NULL, "updated_at" timestamp NOT NULL)[0m
  ↳ bin/rails:9
  [1m[35m (0.6ms)[0m  [1m[34mSELECT pg_try_advisory_lock(2988686663139197055)[0m
  ↳ bin/rails:9
  [1m[35m (0.7ms)[0m  [1m[34mSELECT "schema_migrations"."version" FROM "schema_migrations" ORDER BY "schema_migrations"."version" ASC[0m
  ↳ bin/rails:9
Migrating to CreateUsers (20210927190010)
  [1m[35m (0.2ms)[0m  [1m[35mBEGIN[0m
  ↳ bin/rails:9
  [1m[35m (29.3ms)[0m  [1m[35mCREATE TABLE "users" ("id" bigserial primary key, "username" character varying NOT NULL, "email" character varying NOT NULL, "password_digest" character varying NOT NULL, "session_token" character varying NOT NULL, "nickname" character varying, "created_at" timestamp NOT NULL, "updated_at" timestamp NOT NULL)[0m
  ↳ db/migrate/20210927190010_create_users.rb:3
  [1m[35m (10.6ms)[0m  [1m[35mCREATE UNIQUE INDEX  "index_users_on_username" ON "users"  ("username")[0m
  ↳ db/migrate/20210927190010_create_users.rb:13
  [1m[35m (9.2ms)[0m  [1m[35mCREATE UNIQUE INDEX  "index_users_on_email" ON "users"  ("email")[0m
  ↳ db/migrate/20210927190010_create_users.rb:14
  [1m[35m (9.3ms)[0m  [1m[35mCREATE UNIQUE INDEX  "index_users_on_session_token" ON "users"  ("session_token")[0m
  ↳ db/migrate/20210927190010_create_users.rb:15
  [1m[36mActiveRecord::SchemaMigration Create (1.5ms)[0m  [1m[32mINSERT INTO "schema_migrations" ("version") VALUES ($1) RETURNING "version"[0m  [["version", "20210927190010"]]
  ↳ bin/rails:9
  [1m[35m (5.5ms)[0m  [1m[35mCOMMIT[0m
  ↳ bin/rails:9
  [1m[36mActiveRecord::InternalMetadata Load (0.5ms)[0m  [1m[34mSELECT  "ar_internal_metadata".* FROM "ar_internal_metadata" WHERE "ar_internal_metadata"."key" = $1 LIMIT $2[0m  [["key", "environment"], ["LIMIT", 1]]
  ↳ bin/rails:9
  [1m[35m (0.3ms)[0m  [1m[35mBEGIN[0m
  ↳ bin/rails:9
  [1m[36mActiveRecord::InternalMetadata Create (1.7ms)[0m  [1m[32mINSERT INTO "ar_internal_metadata" ("key", "value", "created_at", "updated_at") VALUES ($1, $2, $3, $4) RETURNING "key"[0m  [["key", "environment"], ["value", "development"], ["created_at", "2021-09-27 21:50:10.831783"], ["updated_at", "2021-09-27 21:50:10.831783"]]
  ↳ bin/rails:9
  [1m[35m (8.5ms)[0m  [1m[35mCOMMIT[0m
  ↳ bin/rails:9
  [1m[35m (0.5ms)[0m  [1m[34mSELECT pg_advisory_unlock(2988686663139197055)[0m
  ↳ bin/rails:9
  [1m[35m (0.4ms)[0m  [1m[34mSELECT "schema_migrations"."version" FROM "schema_migrations" ORDER BY "schema_migrations"."version" ASC[0m
  ↳ bin/rails:9
  [1m[35m (0.6ms)[0m  [1m[34mSELECT "schema_migrations"."version" FROM "schema_migrations" ORDER BY "schema_migrations"."version" ASC[0m
  ↳ /home/tkla/.rbenv/versions/2.5.1/bin/annotate:23
Started GET "/" for ::1 at 2021-09-27 21:04:14 -0700
  [1m[35m (2.3ms)[0m  [1m[34mSELECT "schema_migrations"."version" FROM "schema_migrations" ORDER BY "schema_migrations"."version" ASC[0m
  ↳ /home/tkla/.rbenv/versions/2.5.1/lib/ruby/gems/2.5.0/gems/activerecord-5.2.6/lib/active_record/log_subscriber.rb:98

ActionController::RoutingError - Couldn't find Api::SessionsHelper, expected it to be defined in helpers/api/sessions_helper.rb:

Started POST "/__better_errors/c656c9fc34b1a469/variables" for ::1 at 2021-09-27 21:04:15 -0700
Started GET "/" for ::1 at 2021-09-27 21:04:22 -0700

ActionController::RoutingError - Couldn't find Api::SessionsHelper, expected it to be defined in helpers/api/sessions_helper.rb:

Started POST "/__better_errors/ac7e1542da1a4d84/variables" for ::1 at 2021-09-27 21:04:22 -0700
Started GET "/" for ::1 at 2021-09-27 21:23:09 -0700

ActionController::RoutingError - Couldn't find Api::SessionsHelper, expected it to be defined in helpers/api/sessions_helper.rb:

Started POST "/__better_errors/8bb6f68b88170f4e/variables" for ::1 at 2021-09-27 21:23:09 -0700
Started GET "/" for ::1 at 2021-09-27 21:23:12 -0700

ActionController::RoutingError - Couldn't find Api::SessionsHelper, expected it to be defined in helpers/api/sessions_helper.rb:

Started POST "/__better_errors/c99882e44cae7db0/variables" for ::1 at 2021-09-27 21:23:12 -0700
Started GET "/" for ::1 at 2021-09-27 21:26:24 -0700

ActionController::RoutingError - Couldn't find Api::SessionsHelper, expected it to be defined in helpers/api/sessions_helper.rb:

Started POST "/__better_errors/5397c0b58ce16726/variables" for ::1 at 2021-09-27 21:26:24 -0700
Started GET "/" for ::1 at 2021-09-27 21:26:25 -0700

ActionController::RoutingError - Couldn't find Api::SessionsHelper, expected it to be defined in helpers/api/sessions_helper.rb:

Started POST "/__better_errors/50e798187f7ab835/variables" for ::1 at 2021-09-27 21:26:25 -0700
Started GET "/" for ::1 at 2021-09-27 21:26:38 -0700

ActionController::RoutingError - Couldn't find Api::SessionsHelper, expected it to be defined in helpers/api/sessions_helper.rb:

Started POST "/__better_errors/3b6f5e7ddfc21713/variables" for ::1 at 2021-09-27 21:26:38 -0700
Started GET "/" for ::1 at 2021-09-27 21:26:39 -0700

ActionController::RoutingError - Couldn't find Api::SessionsHelper, expected it to be defined in helpers/api/sessions_helper.rb:

Started POST "/__better_errors/d05289d6f6a05d9c/variables" for ::1 at 2021-09-27 21:26:39 -0700
Started GET "/" for ::1 at 2021-09-27 21:26:41 -0700

ActionController::RoutingError - Couldn't find Api::SessionsHelper, expected it to be defined in helpers/api/sessions_helper.rb:

Started POST "/__better_errors/b867e7b80cf4e503/variables" for ::1 at 2021-09-27 21:26:41 -0700
Started GET "/" for ::1 at 2021-09-27 21:29:40 -0700

ActionController::RoutingError - Couldn't find Api::SessionsHelper, expected it to be defined in helpers/api/sessions_helper.rb:

Started POST "/__better_errors/102723e1cdae19f6/variables" for ::1 at 2021-09-27 21:29:40 -0700
Started GET "/" for ::1 at 2021-09-27 21:33:54 -0700
  [1m[35m (0.5ms)[0m  [1m[34mSELECT "schema_migrations"."version" FROM "schema_migrations" ORDER BY "schema_migrations"."version" ASC[0m
  ↳ /home/tkla/.rbenv/versions/2.5.1/lib/ruby/gems/2.5.0/gems/activerecord-5.2.6/lib/active_record/log_subscriber.rb:98

ActionController::RoutingError - Couldn't find Api::SessionsHelper, expected it to be defined in helpers/api/sessions_helper.rb:

Started POST "/__better_errors/d9e67c84d8e239ad/variables" for ::1 at 2021-09-27 21:33:54 -0700
Started GET "/" for ::1 at 2021-09-27 21:33:56 -0700

ActionController::RoutingError - Couldn't find Api::SessionsHelper, expected it to be defined in helpers/api/sessions_helper.rb:

Started POST "/__better_errors/09b866a5ad255323/variables" for ::1 at 2021-09-27 21:33:56 -0700
Started GET "/" for ::1 at 2021-09-27 21:33:58 -0700

ActionController::RoutingError - Couldn't find Api::SessionsHelper, expected it to be defined in helpers/api/sessions_helper.rb:

Started POST "/__better_errors/24215bf841e84b8d/variables" for ::1 at 2021-09-27 21:33:58 -0700
Started GET "/" for ::1 at 2021-09-27 21:37:55 -0700

SyntaxError - syntax error, unexpected tIDENTIFIER, expecting keyword_end
      resource :sessions only: [:create, :destroy]
                         ^~~~
/home/tkla/clonedRepos/DiscordClone/config/routes.rb:9: syntax error, unexpected keyword_end, expecting end-of-input
   end
   ^~~:
  config/routes.rb:6:in `'

Started POST "/__better_errors/e2685a7f56f6cc13/variables" for ::1 at 2021-09-27 21:37:55 -0700
Started GET "/" for ::1 at 2021-09-27 21:38:03 -0700

SyntaxError - syntax error, unexpected tIDENTIFIER, expecting keyword_end
      resource :session only: [:create, :destroy]
                        ^~~~
/home/tkla/clonedRepos/DiscordClone/config/routes.rb:9: syntax error, unexpected keyword_end, expecting end-of-input
   end
   ^~~:
  config/routes.rb:6:in `'

Started POST "/__better_errors/a51b308d4125a642/variables" for ::1 at 2021-09-27 21:38:03 -0700
Started GET "/" for ::1 at 2021-09-27 21:38:03 -0700
  
ActionController::RoutingError (No route matches [GET] "/"):
  
actionpack (5.2.6) lib/action_dispatch/middleware/debug_exceptions.rb:65:in `call'
web-console (3.7.0) lib/web_console/middleware.rb:135:in `call_app'
web-console (3.7.0) lib/web_console/middleware.rb:30:in `block in call'
web-console (3.7.0) lib/web_console/middleware.rb:20:in `catch'
web-console (3.7.0) lib/web_console/middleware.rb:20:in `call'
actionpack (5.2.6) lib/action_dispatch/middleware/show_exceptions.rb:33:in `call'
railties (5.2.6) lib/rails/rack/logger.rb:38:in `call_app'
railties (5.2.6) lib/rails/rack/logger.rb:26:in `block in call'
activesupport (5.2.6) lib/active_support/tagged_logging.rb:71:in `block in tagged'
activesupport (5.2.6) lib/active_support/tagged_logging.rb:28:in `tagged'
activesupport (5.2.6) lib/active_support/tagged_logging.rb:71:in `tagged'
railties (5.2.6) lib/rails/rack/logger.rb:26:in `call'
sprockets-rails (3.2.2) lib/sprockets/rails/quiet_assets.rb:13:in `call'
actionpack (5.2.6) lib/action_dispatch/middleware/remote_ip.rb:81:in `call'
actionpack (5.2.6) lib/action_dispatch/middleware/request_id.rb:27:in `call'
rack (2.2.3) lib/rack/method_override.rb:24:in `call'
rack (2.2.3) lib/rack/runtime.rb:22:in `call'
activesupport (5.2.6) lib/active_support/cache/strategy/local_cache_middleware.rb:29:in `call'
actionpack (5.2.6) lib/action_dispatch/middleware/executor.rb:14:in `call'
actionpack (5.2.6) lib/action_dispatch/middleware/static.rb:127:in `call'
rack (2.2.3) lib/rack/sendfile.rb:110:in `call'
railties (5.2.6) lib/rails/engine.rb:524:in `call'
puma (3.12.6) lib/puma/configuration.rb:227:in `call'
puma (3.12.6) lib/puma/server.rb:706:in `handle_request'
puma (3.12.6) lib/puma/server.rb:476:in `process_client'
puma (3.12.6) lib/puma/server.rb:334:in `block in run'
puma (3.12.6) lib/puma/thread_pool.rb:135:in `block in spawn_thread'
Started GET "/" for ::1 at 2021-09-27 21:38:07 -0700
  
ActionController::RoutingError (No route matches [GET] "/"):
  
actionpack (5.2.6) lib/action_dispatch/middleware/debug_exceptions.rb:65:in `call'
web-console (3.7.0) lib/web_console/middleware.rb:135:in `call_app'
web-console (3.7.0) lib/web_console/middleware.rb:30:in `block in call'
web-console (3.7.0) lib/web_console/middleware.rb:20:in `catch'
web-console (3.7.0) lib/web_console/middleware.rb:20:in `call'
actionpack (5.2.6) lib/action_dispatch/middleware/show_exceptions.rb:33:in `call'
railties (5.2.6) lib/rails/rack/logger.rb:38:in `call_app'
railties (5.2.6) lib/rails/rack/logger.rb:26:in `block in call'
activesupport (5.2.6) lib/active_support/tagged_logging.rb:71:in `block in tagged'
activesupport (5.2.6) lib/active_support/tagged_logging.rb:28:in `tagged'
activesupport (5.2.6) lib/active_support/tagged_logging.rb:71:in `tagged'
railties (5.2.6) lib/rails/rack/logger.rb:26:in `call'
sprockets-rails (3.2.2) lib/sprockets/rails/quiet_assets.rb:13:in `call'
actionpack (5.2.6) lib/action_dispatch/middleware/remote_ip.rb:81:in `call'
actionpack (5.2.6) lib/action_dispatch/middleware/request_id.rb:27:in `call'
rack (2.2.3) lib/rack/method_override.rb:24:in `call'
rack (2.2.3) lib/rack/runtime.rb:22:in `call'
activesupport (5.2.6) lib/active_support/cache/strategy/local_cache_middleware.rb:29:in `call'
actionpack (5.2.6) lib/action_dispatch/middleware/executor.rb:14:in `call'
actionpack (5.2.6) lib/action_dispatch/middleware/static.rb:127:in `call'
rack (2.2.3) lib/rack/sendfile.rb:110:in `call'
railties (5.2.6) lib/rails/engine.rb:524:in `call'
puma (3.12.6) lib/puma/configuration.rb:227:in `call'
puma (3.12.6) lib/puma/server.rb:706:in `handle_request'
puma (3.12.6) lib/puma/server.rb:476:in `process_client'
puma (3.12.6) lib/puma/server.rb:334:in `block in run'
puma (3.12.6) lib/puma/thread_pool.rb:135:in `block in spawn_thread'
Started GET "/" for ::1 at 2021-09-27 21:39:07 -0700
  
ActionController::RoutingError (No route matches [GET] "/"):
  
actionpack (5.2.6) lib/action_dispatch/middleware/debug_exceptions.rb:65:in `call'
web-console (3.7.0) lib/web_console/middleware.rb:135:in `call_app'
web-console (3.7.0) lib/web_console/middleware.rb:30:in `block in call'
web-console (3.7.0) lib/web_console/middleware.rb:20:in `catch'
web-console (3.7.0) lib/web_console/middleware.rb:20:in `call'
actionpack (5.2.6) lib/action_dispatch/middleware/show_exceptions.rb:33:in `call'
railties (5.2.6) lib/rails/rack/logger.rb:38:in `call_app'
railties (5.2.6) lib/rails/rack/logger.rb:26:in `block in call'
activesupport (5.2.6) lib/active_support/tagged_logging.rb:71:in `block in tagged'
activesupport (5.2.6) lib/active_support/tagged_logging.rb:28:in `tagged'
activesupport (5.2.6) lib/active_support/tagged_logging.rb:71:in `tagged'
railties (5.2.6) lib/rails/rack/logger.rb:26:in `call'
sprockets-rails (3.2.2) lib/sprockets/rails/quiet_assets.rb:13:in `call'
actionpack (5.2.6) lib/action_dispatch/middleware/remote_ip.rb:81:in `call'
actionpack (5.2.6) lib/action_dispatch/middleware/request_id.rb:27:in `call'
rack (2.2.3) lib/rack/method_override.rb:24:in `call'
rack (2.2.3) lib/rack/runtime.rb:22:in `call'
activesupport (5.2.6) lib/active_support/cache/strategy/local_cache_middleware.rb:29:in `call'
actionpack (5.2.6) lib/action_dispatch/middleware/executor.rb:14:in `call'
actionpack (5.2.6) lib/action_dispatch/middleware/static.rb:127:in `call'
rack (2.2.3) lib/rack/sendfile.rb:110:in `call'
railties (5.2.6) lib/rails/engine.rb:524:in `call'
puma (3.12.6) lib/puma/configuration.rb:227:in `call'
puma (3.12.6) lib/puma/server.rb:706:in `handle_request'
puma (3.12.6) lib/puma/server.rb:476:in `process_client'
puma (3.12.6) lib/puma/server.rb:334:in `block in run'
puma (3.12.6) lib/puma/thread_pool.rb:135:in `block in spawn_thread'
Started GET "/" for ::1 at 2021-09-27 22:06:04 -0700

SyntaxError - syntax error, unexpected tIDENTIFIER, expecting keyword_end
      resource :session only: [:create, :destroy]
                        ^~~~
/home/tkla/clonedRepos/DiscordClone/config/routes.rb:8: syntax error, unexpected keyword_end, expecting end-of-input
   end
   ^~~:
  config/routes.rb:7:in `'

Started POST "/__better_errors/e8d66fd2af46b707/variables" for ::1 at 2021-09-27 22:06:04 -0700
Started GET "/" for ::1 at 2021-09-27 22:20:14 -0700

ActionController::RoutingError - Couldn't find Api::SessionsHelper, expected it to be defined in helpers/api/sessions_helper.rb:

Started POST "/__better_errors/8aeec627f02c4af9/variables" for ::1 at 2021-09-27 22:20:14 -0700
Started GET "/" for ::1 at 2021-09-27 22:20:16 -0700

ActionController::RoutingError - Couldn't find Api::SessionsHelper, expected it to be defined in helpers/api/sessions_helper.rb:

Started POST "/__better_errors/6e5e5c3d47c4b49f/variables" for ::1 at 2021-09-27 22:20:16 -0700
Started GET "/" for ::1 at 2021-09-27 22:20:33 -0700

ActionController::RoutingError - Couldn't find Api::SessionsHelper, expected it to be defined in helpers/api/sessions_helper.rb:

Started POST "/__better_errors/ed32d3540f4bcb13/variables" for ::1 at 2021-09-27 22:20:33 -0700
Started GET "/" for ::1 at 2021-09-27 22:20:33 -0700

ActionController::RoutingError - Couldn't find Api::SessionsHelper, expected it to be defined in helpers/api/sessions_helper.rb:

Started POST "/__better_errors/3c776a05cac8611e/variables" for ::1 at 2021-09-27 22:20:33 -0700
Started GET "/" for ::1 at 2021-09-27 22:20:34 -0700

ActionController::RoutingError - Couldn't find Api::SessionsHelper, expected it to be defined in helpers/api/sessions_helper.rb:

Started POST "/__better_errors/8270922ca46a107e/variables" for ::1 at 2021-09-27 22:20:34 -0700
Started GET "/" for ::1 at 2021-09-27 22:20:37 -0700

ActionController::RoutingError - Couldn't find Api::SessionsHelper, expected it to be defined in helpers/api/sessions_helper.rb:

Started POST "/__better_errors/99f7b02a73f78ba2/variables" for ::1 at 2021-09-27 22:20:37 -0700
Started GET "/" for ::1 at 2021-09-27 22:20:38 -0700

ActionController::RoutingError - Couldn't find Api::SessionsHelper, expected it to be defined in helpers/api/sessions_helper.rb:

Started POST "/__better_errors/e0f0d72e7dbeaec0/variables" for ::1 at 2021-09-27 22:20:38 -0700
Started GET "/" for ::1 at 2021-09-27 22:20:38 -0700

ActionController::RoutingError - Couldn't find Api::SessionsHelper, expected it to be defined in helpers/api/sessions_helper.rb:

Started POST "/__better_errors/0584d3824e69d127/variables" for ::1 at 2021-09-27 22:20:38 -0700
Started GET "/" for ::1 at 2021-09-27 22:20:39 -0700

ActionController::RoutingError - Couldn't find Api::SessionsHelper, expected it to be defined in helpers/api/sessions_helper.rb:

Started POST "/__better_errors/11e1377ee969a7b9/variables" for ::1 at 2021-09-27 22:20:39 -0700
Started GET "/" for ::1 at 2021-09-27 22:20:39 -0700

ActionController::RoutingError - Couldn't find Api::SessionsHelper, expected it to be defined in helpers/api/sessions_helper.rb:

Started POST "/__better_errors/0a4d3159db0b99b4/variables" for ::1 at 2021-09-27 22:20:39 -0700
Started GET "/" for ::1 at 2021-09-27 22:20:39 -0700

ActionController::RoutingError - Couldn't find Api::SessionsHelper, expected it to be defined in helpers/api/sessions_helper.rb:

Started POST "/__better_errors/62cd658d4606de9d/variables" for ::1 at 2021-09-27 22:20:39 -0700
Started GET "/" for ::1 at 2021-09-27 22:21:44 -0700

ActionController::RoutingError - Couldn't find Api::SessionsHelper, expected it to be defined in helpers/api/sessions_helper.rb:

Started POST "/__better_errors/916bd1b0ffe53901/variables" for ::1 at 2021-09-27 22:21:44 -0700
Started GET "/" for ::1 at 2021-09-27 22:21:45 -0700

ActionController::RoutingError - Couldn't find Api::SessionsHelper, expected it to be defined in helpers/api/sessions_helper.rb:

Started POST "/__better_errors/54ad410c96eb0990/variables" for ::1 at 2021-09-27 22:21:45 -0700
Started GET "/" for ::1 at 2021-09-27 22:21:53 -0700

ActionController::RoutingError - Couldn't find Api::SessionsHelper, expected it to be defined in helpers/api/sessions_helper.rb:

Started POST "/__better_errors/8a66c5e5b60e3416/variables" for ::1 at 2021-09-27 22:21:53 -0700
Started GET "/" for ::1 at 2021-09-27 22:21:53 -0700

ActionController::RoutingError - Couldn't find Api::SessionsHelper, expected it to be defined in helpers/api/sessions_helper.rb:

Started POST "/__better_errors/af05b75c09dd3fa8/variables" for ::1 at 2021-09-27 22:21:53 -0700
Started GET "/" for ::1 at 2021-09-27 22:21:53 -0700

ActionController::RoutingError - Couldn't find Api::SessionsHelper, expected it to be defined in helpers/api/sessions_helper.rb:

Started POST "/__better_errors/6d308da5ba92d6d1/variables" for ::1 at 2021-09-27 22:21:53 -0700
Started GET "/" for ::1 at 2021-09-27 22:21:54 -0700

ActionController::RoutingError - Couldn't find Api::SessionsHelper, expected it to be defined in helpers/api/sessions_helper.rb:

Started POST "/__better_errors/db8bf3b3244eeaad/variables" for ::1 at 2021-09-27 22:21:54 -0700
Started GET "/" for ::1 at 2021-09-27 22:21:54 -0700

ActionController::RoutingError - Couldn't find Api::SessionsHelper, expected it to be defined in helpers/api/sessions_helper.rb:

Started POST "/__better_errors/10cc2e95ac3c59ba/variables" for ::1 at 2021-09-27 22:21:54 -0700
Started GET "/" for ::1 at 2021-09-27 22:21:59 -0700

ActionController::RoutingError - Couldn't find Api::SessionsHelper, expected it to be defined in helpers/api/sessions_helper.rb:

Started POST "/__better_errors/65b102116ede7307/variables" for ::1 at 2021-09-27 22:21:59 -0700
Started GET "/" for ::1 at 2021-09-27 22:22:00 -0700

ActionController::RoutingError - Couldn't find Api::SessionsHelper, expected it to be defined in helpers/api/sessions_helper.rb:

Started POST "/__better_errors/d04bbb63e3c3bcbf/variables" for ::1 at 2021-09-27 22:22:00 -0700
Started GET "/" for ::1 at 2021-09-27 22:22:01 -0700

ActionController::RoutingError - Couldn't find Api::SessionsHelper, expected it to be defined in helpers/api/sessions_helper.rb:

Started POST "/__better_errors/86d46e3681a0d0d8/variables" for ::1 at 2021-09-27 22:22:01 -0700
Started GET "/" for ::1 at 2021-09-27 22:22:01 -0700

ActionController::RoutingError - Couldn't find Api::SessionsHelper, expected it to be defined in helpers/api/sessions_helper.rb:

Started POST "/__better_errors/a7cecef352ba5963/variables" for ::1 at 2021-09-27 22:22:01 -0700
Started GET "/" for ::1 at 2021-09-27 22:22:24 -0700

ActionController::RoutingError - Couldn't find Api::SessionsHelper, expected it to be defined in helpers/api/sessions_helper.rb:

Started POST "/__better_errors/cd214224776ece80/variables" for ::1 at 2021-09-27 22:22:24 -0700
Started GET "/" for ::1 at 2021-09-27 22:22:24 -0700

ActionController::RoutingError - Couldn't find Api::SessionsHelper, expected it to be defined in helpers/api/sessions_helper.rb:

Started POST "/__better_errors/160998ea81c57c8f/variables" for ::1 at 2021-09-27 22:22:24 -0700
Started GET "/" for ::1 at 2021-09-27 22:22:25 -0700

ActionController::RoutingError - Couldn't find Api::SessionsHelper, expected it to be defined in helpers/api/sessions_helper.rb:

Started POST "/__better_errors/53a7a484849c89d2/variables" for ::1 at 2021-09-27 22:22:25 -0700
Started GET "/" for ::1 at 2021-09-27 22:22:25 -0700

ActionController::RoutingError - Couldn't find Api::SessionsHelper, expected it to be defined in helpers/api/sessions_helper.rb:

Started POST "/__better_errors/b5af95eb2364ab93/variables" for ::1 at 2021-09-27 22:22:25 -0700
Started GET "/" for ::1 at 2021-09-27 22:22:25 -0700

ActionController::RoutingError - Couldn't find Api::SessionsHelper, expected it to be defined in helpers/api/sessions_helper.rb:

Started POST "/__better_errors/084ac35f184feb1f/variables" for ::1 at 2021-09-27 22:22:25 -0700
Started GET "/" for ::1 at 2021-09-27 22:22:25 -0700

ActionController::RoutingError - Couldn't find Api::SessionsHelper, expected it to be defined in helpers/api/sessions_helper.rb:

Started POST "/__better_errors/04328d5a186cb649/variables" for ::1 at 2021-09-27 22:22:25 -0700
Started GET "/" for ::1 at 2021-09-27 22:22:26 -0700

ActionController::RoutingError - Couldn't find Api::SessionsHelper, expected it to be defined in helpers/api/sessions_helper.rb:

Started POST "/__better_errors/6f2a93e046f61ee7/variables" for ::1 at 2021-09-27 22:22:26 -0700
Started GET "/" for ::1 at 2021-09-27 22:25:25 -0700

ActionController::RoutingError - Couldn't find Api::UsersHelper, expected it to be defined in helpers/api/users_helper.rb:

Started POST "/__better_errors/4d13e8b39b4a08aa/variables" for ::1 at 2021-09-27 22:25:25 -0700
Started GET "/" for ::1 at 2021-09-27 22:25:27 -0700

ActionController::RoutingError - Couldn't find Api::UsersHelper, expected it to be defined in helpers/api/users_helper.rb:

Started POST "/__better_errors/e41e1ad0dd465165/variables" for ::1 at 2021-09-27 22:25:27 -0700
Started GET "/" for ::1 at 2021-09-27 22:25:43 -0700

ActionController::RoutingError - undefined method `helper_methods' for ApplicationController:Class
Did you mean?  helper_method
               _helper_methods
               _helper_methods?
               _helper_methods=:

Started POST "/__better_errors/e9165db7c3a9ae49/variables" for ::1 at 2021-09-27 22:25:43 -0700
Started GET "/" for ::1 at 2021-09-27 22:25:44 -0700

ActionController::RoutingError - undefined method `helper_methods' for ApplicationController:Class
Did you mean?  helper_method
               _helper_methods
               _helper_methods?
               _helper_methods=:

Started POST "/__better_errors/7ef12efbd607dc31/variables" for ::1 at 2021-09-27 22:25:44 -0700
Started GET "/" for ::1 at 2021-09-27 22:25:46 -0700

ActionController::RoutingError - undefined method `helper_methods' for ApplicationController:Class
Did you mean?  helper_method
               _helper_methods
               _helper_methods?
               _helper_methods=:

Started POST "/__better_errors/a7809de3cb817b0c/variables" for ::1 at 2021-09-27 22:25:46 -0700
Started GET "/" for ::1 at 2021-09-27 22:26:43 -0700

ActionController::RoutingError - undefined method `helper_methods' for ApplicationController:Class
Did you mean?  helper_method
               _helper_methods
               _helper_methods?
               _helper_methods=:

Started POST "/__better_errors/6c53f1e3c6422db2/variables" for ::1 at 2021-09-27 22:26:43 -0700
Started GET "/" for ::1 at 2021-09-27 22:26:44 -0700
Processing by StaticPagesController#root as HTML
  Rendering static_pages/root.html.erb within layouts/application
  Rendered static_pages/root.html.erb within layouts/application (0.2ms)
Completed 200 OK in 825ms (Views: 824.2ms | ActiveRecord: 0.0ms)


Started GET "/" for ::1 at 2021-09-27 22:27:19 -0700
Processing by StaticPagesController#root as HTML
  Rendering static_pages/root.html.erb within layouts/application
  Rendered static_pages/root.html.erb within layouts/application (0.3ms)
Completed 200 OK in 15ms (Views: 14.7ms | ActiveRecord: 0.0ms)


Started GET "/" for ::1 at 2021-09-27 22:27:20 -0700
Processing by StaticPagesController#root as HTML
  Rendering static_pages/root.html.erb within layouts/application
  Rendered static_pages/root.html.erb within layouts/application (0.3ms)
Completed 200 OK in 23ms (Views: 22.4ms | ActiveRecord: 0.0ms)


Started GET "/" for ::1 at 2021-09-27 22:27:21 -0700
Processing by StaticPagesController#root as HTML
  Rendering static_pages/root.html.erb within layouts/application
  Rendered static_pages/root.html.erb within layouts/application (0.2ms)
Completed 200 OK in 30ms (Views: 28.9ms | ActiveRecord: 0.0ms)


Started GET "/" for ::1 at 2021-09-27 22:27:21 -0700
Processing by StaticPagesController#root as HTML
  Rendering static_pages/root.html.erb within layouts/application
  Rendered static_pages/root.html.erb within layouts/application (0.3ms)
Completed 200 OK in 27ms (Views: 25.9ms | ActiveRecord: 0.0ms)


Started GET "/" for ::1 at 2021-09-27 22:27:21 -0700
Processing by StaticPagesController#root as HTML
  Rendering static_pages/root.html.erb within layouts/application
  Rendered static_pages/root.html.erb within layouts/application (0.5ms)
Completed 200 OK in 27ms (Views: 26.2ms | ActiveRecord: 0.0ms)


Started GET "/" for ::1 at 2021-09-27 22:27:28 -0700

ActionController::RoutingError - Couldn't find Api::SessionsHelper, expected it to be defined in helpers/api/sessions_helper.rb:

Started POST "/__better_errors/54e819eb249b42a5/variables" for ::1 at 2021-09-27 22:27:28 -0700
Started GET "/" for ::1 at 2021-09-27 22:27:31 -0700

ActionController::RoutingError - Couldn't find Api::SessionsHelper, expected it to be defined in helpers/api/sessions_helper.rb:

Started POST "/__better_errors/cf5f3a6ab7998c0d/variables" for ::1 at 2021-09-27 22:27:31 -0700
Started GET "/" for ::1 at 2021-09-27 22:28:30 -0700
Processing by StaticPagesController#root as HTML
  Rendering static_pages/root.html.erb within layouts/application
  Rendered static_pages/root.html.erb within layouts/application (0.2ms)
Completed 200 OK in 331ms (Views: 330.1ms | ActiveRecord: 0.0ms)


Started GET "/" for ::1 at 2021-09-27 22:28:50 -0700
Processing by StaticPagesController#root as HTML
  Rendering static_pages/root.html.erb within layouts/application
  Rendered static_pages/root.html.erb within layouts/application (0.3ms)
Completed 200 OK in 15ms (Views: 14.4ms | ActiveRecord: 0.0ms)


Started GET "/" for ::1 at 2021-09-27 22:29:03 -0700
Processing by StaticPagesController#root as HTML
  Rendering static_pages/root.html.erb within layouts/application
  Rendered static_pages/root.html.erb within layouts/application (0.3ms)
Completed 200 OK in 15ms (Views: 14.0ms | ActiveRecord: 0.0ms)


Started POST "/api/users?user[username]=kenny&user[password]=[FILTERED]&user[email]=123@fake.com" for ::1 at 2021-09-28 10:05:27 -0700
  [1m[35m (1.9ms)[0m  [1m[34mSELECT "schema_migrations"."version" FROM "schema_migrations" ORDER BY "schema_migrations"."version" ASC[0m
  ↳ /home/tkla/.rbenv/versions/2.5.1/lib/ruby/gems/2.5.0/gems/activerecord-5.2.6/lib/active_record/log_subscriber.rb:98

SyntaxError - syntax error, unexpected ']', expecting ')'
...= User.find_by(id: params[:id]])
...                              ^:
  app/controllers/api/users_controller.rb:14:in `'

Started POST "/api/users?user[username]=kenny&user[password]=[FILTERED]&user[email]=123@fake.com" for ::1 at 2021-09-28 10:06:05 -0700
Processing by Api::UsersController#create as JSON
  Parameters: {"user"=>{"username"=>"kenny", "password"=>"[FILTERED]", "email"=>"123@fake.com"}}
Can't verify CSRF token authenticity.
Completed 422 Unprocessable Entity in 2ms (ActiveRecord: 0.0ms)



ActionController::InvalidAuthenticityToken - ActionController::InvalidAuthenticityToken:

Started POST "/api/users?user[username]=kenny&user[password]=[FILTERED]&user[email]=123@fake.com" for ::1 at 2021-09-28 10:08:41 -0700
Processing by Api::UsersController#create as JSON
  Parameters: {"user"=>{"username"=>"kenny", "password"=>"[FILTERED]", "email"=>"123@fake.com"}}
Can't verify CSRF token authenticity.
Completed 422 Unprocessable Entity in 3ms (ActiveRecord: 0.0ms)



ActionController::InvalidAuthenticityToken - ActionController::InvalidAuthenticityToken:

Started POST "/api/users?user[username]=kenny&user[password]=[FILTERED]&user[email]=123@fake.com" for ::1 at 2021-09-28 10:08:43 -0700
Processing by Api::UsersController#create as JSON
  Parameters: {"user"=>{"username"=>"kenny", "password"=>"[FILTERED]", "email"=>"123@fake.com"}}
Can't verify CSRF token authenticity.
Completed 422 Unprocessable Entity in 2ms (ActiveRecord: 0.0ms)



ActionController::InvalidAuthenticityToken - ActionController::InvalidAuthenticityToken:

Started POST "/api/users?user[username]=kenny&user[password]=[FILTERED]&user[email]=123@fake.com" for ::1 at 2021-09-28 10:09:25 -0700
Processing by Api::UsersController#create as JSON
  Parameters: {"user"=>{"username"=>"kenny", "password"=>"[FILTERED]", "email"=>"123@fake.com"}}
Can't verify CSRF token authenticity.
Completed 422 Unprocessable Entity in 1ms (ActiveRecord: 0.0ms)



ActionController::InvalidAuthenticityToken - ActionController::InvalidAuthenticityToken:

Started POST "/api/users?user[username]=kenny&user[password]=[FILTERED]&user[email]=123@fake.com" for ::1 at 2021-09-28 10:09:26 -0700
Processing by Api::UsersController#create as JSON
  Parameters: {"user"=>{"username"=>"kenny", "password"=>"[FILTERED]", "email"=>"123@fake.com"}}
Can't verify CSRF token authenticity.
Completed 422 Unprocessable Entity in 1ms (ActiveRecord: 0.0ms)



ActionController::InvalidAuthenticityToken - ActionController::InvalidAuthenticityToken:

Started POST "/api/users?user[username]=kenny&user[password]=[FILTERED]&user[email]=123@fake.com" for ::1 at 2021-09-28 10:09:37 -0700
  [1m[35m (0.8ms)[0m  [1m[34mSELECT "schema_migrations"."version" FROM "schema_migrations" ORDER BY "schema_migrations"."version" ASC[0m
  ↳ /home/tkla/.rbenv/versions/2.5.1/lib/ruby/gems/2.5.0/gems/activerecord-5.2.6/lib/active_record/log_subscriber.rb:98
Processing by Api::UsersController#create as JSON
  Parameters: {"user"=>{"username"=>"kenny", "password"=>"[FILTERED]", "email"=>"123@fake.com"}}
Can't verify CSRF token authenticity.
Completed 422 Unprocessable Entity in 1ms (ActiveRecord: 0.0ms)



ActionController::InvalidAuthenticityToken - ActionController::InvalidAuthenticityToken:

Started POST "/api/users?user[username]=kenny&user[password]=[FILTERED]&user[email]=123@fake.com" for ::1 at 2021-09-28 10:12:48 -0700
Processing by Api::UsersController#create as JSON
  Parameters: {"user"=>{"username"=>"kenny", "password"=>"[FILTERED]", "email"=>"123@fake.com"}}
Completed 500 Internal Server Error in 2ms (ActiveRecord: 0.0ms)



SyntaxError - syntax error, unexpected keyword_do_block
...dentials(username, password) do 
...                             ^~
/home/tkla/clonedRepos/DiscordClone/app/models/user.rb:40: syntax error, unexpected keyword_do, expecting ';' or '\n'
   def reset_session_token! do 
                            ^~
/home/tkla/clonedRepos/DiscordClone/app/models/user.rb:46: syntax error, unexpected keyword_do, expecting ';' or '\n'
   def ensure_session_token do 
                            ^~
/home/tkla/clonedRepos/DiscordClone/app/models/user.rb:48: syntax error, unexpected keyword_end, expecting end-of-input
   end
   ^~~:
  app/models/user.rb:22:in `'
  app/controllers/api/users_controller.rb:3:in `create'

Started POST "/api/users?user[username]=kenny&user[password]=[FILTERED]&user[email]=123@fake.com" for ::1 at 2021-09-28 10:13:43 -0700
Processing by Api::UsersController#create as JSON
  Parameters: {"user"=>{"username"=>"kenny", "password"=>"[FILTERED]", "email"=>"123@fake.com"}}
  [1m[35m (0.3ms)[0m  [1m[35mBEGIN[0m
  ↳ app/controllers/api/users_controller.rb:5
  [1m[36mUser Exists (2.3ms)[0m  [1m[34mSELECT  1 AS one FROM "users" WHERE "users"."username" = $1 LIMIT $2[0m  [["username", "kenny"], ["LIMIT", 1]]
  ↳ app/controllers/api/users_controller.rb:5
  [1m[36mUser Exists (0.4ms)[0m  [1m[34mSELECT  1 AS one FROM "users" WHERE "users"."email" = $1 LIMIT $2[0m  [["email", "123@fake.com"], ["LIMIT", 1]]
  ↳ app/controllers/api/users_controller.rb:5
  [1m[36mUser Create (2.0ms)[0m  [1m[32mINSERT INTO "users" ("username", "email", "password_digest", "session_token", "created_at", "updated_at") VALUES ($1, $2, $3, $4, $5, $6) RETURNING "id"[0m  [["username", "kenny"], ["email", "123@fake.com"], ["password_digest", "$2a$12$w1aZVBnfd9FovhICN.iB4e4lZKzFpUiaiB2r.1UNN1GyPwQXC7wCO"], ["session_token", "1KWk-C62L9-BgVqYHIiwcg"], ["created_at", "2021-09-28 17:13:43.277989"], ["updated_at", "2021-09-28 17:13:43.277989"]]
  ↳ app/controllers/api/users_controller.rb:5
  [1m[35m (5.6ms)[0m  [1m[35mCOMMIT[0m
  ↳ app/controllers/api/users_controller.rb:5
  [1m[35m (0.2ms)[0m  [1m[35mBEGIN[0m
  ↳ app/models/user.rb:42
  [1m[36mUser Exists (0.7ms)[0m  [1m[34mSELECT  1 AS one FROM "users" WHERE "users"."username" = $1 AND "users"."id" != $2 LIMIT $3[0m  [["username", "kenny"], ["id", 1], ["LIMIT", 1]]
  ↳ app/models/user.rb:42
  [1m[36mUser Exists (0.5ms)[0m  [1m[34mSELECT  1 AS one FROM "users" WHERE "users"."email" = $1 AND "users"."id" != $2 LIMIT $3[0m  [["email", "123@fake.com"], ["id", 1], ["LIMIT", 1]]
  ↳ app/models/user.rb:42
  [1m[36mUser Update (0.9ms)[0m  [1m[33mUPDATE "users" SET "session_token" = $1, "updated_at" = $2 WHERE "users"."id" = $3[0m  [["session_token", "masacYGqxYqClY3thDeTTw"], ["updated_at", "2021-09-28 17:13:43.293050"], ["id", 1]]
  ↳ app/models/user.rb:42
  [1m[35m (4.8ms)[0m  [1m[35mCOMMIT[0m
  ↳ app/models/user.rb:42
  Rendering api/users/show.json.jbuilder
  Rendered api/users/_user.json.jbuilder (0.3ms)
  Rendered api/users/show.json.jbuilder (1.6ms)
Completed 200 OK in 270ms (Views: 6.7ms | ActiveRecord: 24.5ms)


Started POST "/api/session?user[username]=Kenny&user[password]=[FILTERED]" for ::1 at 2021-09-28 10:15:12 -0700
Processing by Api::SessionsController#create as JSON
  Parameters: {"user"=>{"username"=>"Kenny", "password"=>"[FILTERED]"}}
  [1m[36mUser Load (0.2ms)[0m  [1m[34mSELECT  "users".* FROM "users" WHERE "users"."username" = $1 LIMIT $2[0m  [["username", "Kenny"], ["LIMIT", 1]]
  ↳ app/models/user.rb:23
Completed 401 Unauthorized in 2ms (Views: 0.2ms | ActiveRecord: 0.5ms)


Started POST "/api/session?user[username]=kenny&user[password]=[FILTERED]" for ::1 at 2021-09-28 10:15:33 -0700
Processing by Api::SessionsController#create as JSON
  Parameters: {"user"=>{"username"=>"kenny", "password"=>"[FILTERED]"}}
  [1m[36mUser Load (0.7ms)[0m  [1m[34mSELECT  "users".* FROM "users" WHERE "users"."username" = $1 LIMIT $2[0m  [["username", "kenny"], ["LIMIT", 1]]
  ↳ app/models/user.rb:23
Completed 500 Internal Server Error in 5ms (ActiveRecord: 0.7ms)



ArgumentError - wrong number of arguments (given 0, expected 1):
  app/models/user.rb:36:in `is_password?'
  app/models/user.rb:24:in `find_by_credentials'
  app/controllers/api/sessions_controller.rb:4:in `create'

Started POST "/api/session?user[username]=kenny&user[password]=[FILTERED]" for ::1 at 2021-09-28 10:19:07 -0700
Processing by Api::SessionsController#create as JSON
  Parameters: {"user"=>{"username"=>"kenny", "password"=>"[FILTERED]"}}
  [1m[36mUser Load (0.3ms)[0m  [1m[34mSELECT  "users".* FROM "users" WHERE "users"."username" = $1 LIMIT $2[0m  [["username", "kenny"], ["LIMIT", 1]]
  ↳ app/models/user.rb:23
  [1m[35m (0.3ms)[0m  [1m[35mBEGIN[0m
  ↳ app/models/user.rb:42
  [1m[36mUser Exists (0.5ms)[0m  [1m[34mSELECT  1 AS one FROM "users" WHERE "users"."username" = $1 AND "users"."id" != $2 LIMIT $3[0m  [["username", "kenny"], ["id", 1], ["LIMIT", 1]]
  ↳ app/models/user.rb:42
  [1m[36mUser Exists (0.4ms)[0m  [1m[34mSELECT  1 AS one FROM "users" WHERE "users"."email" = $1 AND "users"."id" != $2 LIMIT $3[0m  [["email", "123@fake.com"], ["id", 1], ["LIMIT", 1]]
  ↳ app/models/user.rb:42
  [1m[36mUser Update (0.5ms)[0m  [1m[33mUPDATE "users" SET "session_token" = $1, "updated_at" = $2 WHERE "users"."id" = $3[0m  [["session_token", "KcQla6_lIAlvwcKuN_rL1w"], ["updated_at", "2021-09-28 17:19:07.458349"], ["id", 1]]
  ↳ app/models/user.rb:42
  [1m[35m (3.8ms)[0m  [1m[35mCOMMIT[0m
  ↳ app/models/user.rb:42
  Rendering api/users/show.json.jbuilder
  Rendered api/users/_user.json.jbuilder (0.4ms)
  Rendered api/users/show.json.jbuilder (2.2ms)
Completed 200 OK in 256ms (Views: 5.2ms | ActiveRecord: 9.3ms)


Started DELETE "/api/session" for ::1 at 2021-09-28 10:19:41 -0700
Processing by Api::SessionsController#destroy as JSON
  [1m[36mUser Load (0.4ms)[0m  [1m[34mSELECT  "users".* FROM "users" WHERE "users"."session_token" = $1 LIMIT $2[0m  [["session_token", "KcQla6_lIAlvwcKuN_rL1w"], ["LIMIT", 1]]
  ↳ app/controllers/application_controller.rb:11
  [1m[36mCACHE User Load (0.0ms)[0m  [1m[34mSELECT  "users".* FROM "users" WHERE "users"."session_token" = $1 LIMIT $2[0m  [["session_token", "KcQla6_lIAlvwcKuN_rL1w"], ["LIMIT", 1]]
  ↳ app/controllers/application_controller.rb:11
  [1m[35m (0.2ms)[0m  [1m[35mBEGIN[0m
  ↳ app/models/user.rb:42
  [1m[36mUser Exists (0.4ms)[0m  [1m[34mSELECT  1 AS one FROM "users" WHERE "users"."username" = $1 AND "users"."id" != $2 LIMIT $3[0m  [["username", "kenny"], ["id", 1], ["LIMIT", 1]]
  ↳ app/models/user.rb:42
  [1m[36mUser Exists (0.4ms)[0m  [1m[34mSELECT  1 AS one FROM "users" WHERE "users"."email" = $1 AND "users"."id" != $2 LIMIT $3[0m  [["email", "123@fake.com"], ["id", 1], ["LIMIT", 1]]
  ↳ app/models/user.rb:42
  [1m[36mUser Update (0.5ms)[0m  [1m[33mUPDATE "users" SET "session_token" = $1, "updated_at" = $2 WHERE "users"."id" = $3[0m  [["session_token", "M2agO80YHmG-jsrX9aIrbA"], ["updated_at", "2021-09-28 17:19:41.268069"], ["id", 1]]
  ↳ app/models/user.rb:42
  [1m[35m (5.3ms)[0m  [1m[35mCOMMIT[0m
  ↳ app/models/user.rb:42
Completed 200 OK in 15ms (Views: 0.3ms | ActiveRecord: 7.2ms)


Started GET "/api/users/1" for ::1 at 2021-09-28 10:20:09 -0700
Processing by Api::UsersController#show as JSON
  Parameters: {"id"=>"1"}
  [1m[36mUser Load (0.3ms)[0m  [1m[34mSELECT  "users".* FROM "users" WHERE "users"."id" = $1 LIMIT $2[0m  [["id", 1], ["LIMIT", 1]]
  ↳ app/controllers/api/users_controller.rb:14
  Rendering api/users/show.json.jbuilder
  Rendered api/users/_user.json.jbuilder (0.3ms)
  Rendered api/users/show.json.jbuilder (1.1ms)
Completed 200 OK in 5ms (Views: 2.8ms | ActiveRecord: 0.3ms)


Started GET "/" for ::1 at 2021-09-28 13:13:12 -0700
Processing by StaticPagesController#root as HTML
  Rendering static_pages/root.html.erb within layouts/application
  Rendered static_pages/root.html.erb within layouts/application (7.7ms)
Completed 200 OK in 1488ms (Views: 1484.0ms | ActiveRecord: 0.0ms)


Started GET "/" for ::1 at 2021-09-28 13:28:07 -0700
Processing by StaticPagesController#root as HTML
  Rendering static_pages/root.html.erb within layouts/application
  Rendered static_pages/root.html.erb within layouts/application (1.4ms)
Completed 200 OK in 117ms (Views: 114.8ms | ActiveRecord: 0.0ms)


Started GET "/" for ::1 at 2021-09-28 13:28:30 -0700
Processing by StaticPagesController#root as HTML
  Rendering static_pages/root.html.erb within layouts/application
  Rendered static_pages/root.html.erb within layouts/application (1.0ms)
Completed 200 OK in 403ms (Views: 402.3ms | ActiveRecord: 0.0ms)


Started GET "/" for ::1 at 2021-09-28 13:28:36 -0700
Processing by StaticPagesController#root as HTML
  Rendering static_pages/root.html.erb within layouts/application
  Rendered static_pages/root.html.erb within layouts/application (0.5ms)
Completed 200 OK in 37ms (Views: 35.8ms | ActiveRecord: 0.0ms)


Started GET "/" for ::1 at 2021-09-28 13:30:23 -0700
Processing by StaticPagesController#root as HTML
  Rendering static_pages/root.html.erb within layouts/application
  Rendered static_pages/root.html.erb within layouts/application (0.4ms)
Started GET "/" for ::1 at 2021-09-28 13:30:24 -0700
Processing by StaticPagesController#root as HTML
  Rendering static_pages/root.html.erb within layouts/application
  Rendered static_pages/root.html.erb within layouts/application (0.2ms)
Completed 200 OK in 1715ms (Views: 1714.1ms | ActiveRecord: 0.0ms)


Completed 200 OK in 1411ms (Views: 1410.7ms | ActiveRecord: 0.0ms)


Started GET "/" for ::1 at 2021-09-28 13:32:33 -0700
Processing by StaticPagesController#root as HTML
  Rendering static_pages/root.html.erb within layouts/application
  Rendered static_pages/root.html.erb within layouts/application (0.3ms)
Completed 200 OK in 273ms (Views: 272.0ms | ActiveRecord: 0.0ms)


Started GET "/" for ::1 at 2021-09-28 13:42:53 -0700
Processing by StaticPagesController#root as HTML
  Rendering static_pages/root.html.erb within layouts/application
  Rendered static_pages/root.html.erb within layouts/application (0.8ms)
Completed 200 OK in 408ms (Views: 407.6ms | ActiveRecord: 0.0ms)


Started GET "/" for ::1 at 2021-09-28 14:01:44 -0700
Processing by StaticPagesController#root as HTML
  Rendering static_pages/root.html.erb within layouts/application
  Rendered static_pages/root.html.erb within layouts/application (0.2ms)
Completed 200 OK in 371ms (Views: 370.7ms | ActiveRecord: 0.0ms)


Started GET "/" for ::1 at 2021-09-28 14:02:10 -0700
Processing by StaticPagesController#root as HTML
  Rendering static_pages/root.html.erb within layouts/application
  Rendered static_pages/root.html.erb within layouts/application (0.3ms)
Completed 200 OK in 320ms (Views: 319.1ms | ActiveRecord: 0.0ms)


Started GET "/" for ::1 at 2021-09-28 14:29:50 -0700
Processing by StaticPagesController#root as HTML
  Rendering static_pages/root.html.erb within layouts/application
  Rendered static_pages/root.html.erb within layouts/application (0.4ms)
Completed 200 OK in 294ms (Views: 293.7ms | ActiveRecord: 0.0ms)


Started GET "/" for ::1 at 2021-09-28 14:31:57 -0700
Processing by StaticPagesController#root as HTML
  Rendering static_pages/root.html.erb within layouts/application
  Rendered static_pages/root.html.erb within layouts/application (0.5ms)
Completed 200 OK in 435ms (Views: 434.4ms | ActiveRecord: 0.0ms)


Started GET "/" for ::1 at 2021-09-28 14:38:29 -0700
Processing by StaticPagesController#root as HTML
  Rendering static_pages/root.html.erb within layouts/application
  Rendered static_pages/root.html.erb within layouts/application (1.0ms)
Completed 200 OK in 460ms (Views: 457.8ms | ActiveRecord: 0.0ms)


Started GET "/" for ::1 at 2021-09-28 14:38:37 -0700
Processing by StaticPagesController#root as HTML
  Rendering static_pages/root.html.erb within layouts/application
  Rendered static_pages/root.html.erb within layouts/application (0.4ms)
Completed 200 OK in 16ms (Views: 15.9ms | ActiveRecord: 0.0ms)


Started GET "/" for ::1 at 2021-09-28 14:38:38 -0700
Processing by StaticPagesController#root as HTML
  Rendering static_pages/root.html.erb within layouts/application
  Rendered static_pages/root.html.erb within layouts/application (0.7ms)
Completed 200 OK in 334ms (Views: 333.5ms | ActiveRecord: 0.0ms)


Started GET "/" for ::1 at 2021-09-28 14:49:18 -0700
Processing by StaticPagesController#root as HTML
  Rendering static_pages/root.html.erb within layouts/application
  Rendered static_pages/root.html.erb within layouts/application (0.4ms)
Completed 200 OK in 407ms (Views: 406.3ms | ActiveRecord: 0.0ms)


Started GET "/" for ::1 at 2021-09-28 14:49:44 -0700
Processing by StaticPagesController#root as HTML
  Rendering static_pages/root.html.erb within layouts/application
  Rendered static_pages/root.html.erb within layouts/application (0.4ms)
Completed 200 OK in 356ms (Views: 354.5ms | ActiveRecord: 0.0ms)


Started GET "/" for ::1 at 2021-09-28 14:53:36 -0700
Processing by StaticPagesController#root as HTML
  Rendering static_pages/root.html.erb within layouts/application
  Rendered static_pages/root.html.erb within layouts/application (0.5ms)
Completed 200 OK in 392ms (Views: 391.3ms | ActiveRecord: 0.0ms)


Started GET "/" for ::1 at 2021-09-28 14:54:00 -0700
Processing by StaticPagesController#root as HTML
  Rendering static_pages/root.html.erb within layouts/application
  Rendered static_pages/root.html.erb within layouts/application (0.6ms)
Completed 200 OK in 318ms (Views: 317.8ms | ActiveRecord: 0.0ms)


Started GET "/" for ::1 at 2021-09-28 14:54:16 -0700
Processing by StaticPagesController#root as HTML
  Rendering static_pages/root.html.erb within layouts/application
  Rendered static_pages/root.html.erb within layouts/application (0.4ms)
Completed 200 OK in 288ms (Views: 286.7ms | ActiveRecord: 0.0ms)


Started GET "/" for ::1 at 2021-09-28 14:54:18 -0700
Processing by StaticPagesController#root as HTML
  Rendering static_pages/root.html.erb within layouts/application
  Rendered static_pages/root.html.erb within layouts/application (1.1ms)
Completed 200 OK in 20ms (Views: 18.7ms | ActiveRecord: 0.0ms)


Started GET "/" for ::1 at 2021-09-28 14:54:19 -0700
Processing by StaticPagesController#root as HTML
  Rendering static_pages/root.html.erb within layouts/application
  Rendered static_pages/root.html.erb within layouts/application (0.4ms)
Completed 200 OK in 17ms (Views: 15.4ms | ActiveRecord: 0.0ms)


Started GET "/" for ::1 at 2021-09-28 14:54:44 -0700
Processing by StaticPagesController#root as HTML
  Rendering static_pages/root.html.erb within layouts/application
  Rendered static_pages/root.html.erb within layouts/application (0.4ms)
Completed 200 OK in 19ms (Views: 17.9ms | ActiveRecord: 0.0ms)


Started GET "/" for ::1 at 2021-09-28 14:54:51 -0700
Processing by StaticPagesController#root as HTML
  Rendering static_pages/root.html.erb within layouts/application
  Rendered static_pages/root.html.erb within layouts/application (0.4ms)
Completed 200 OK in 13ms (Views: 12.2ms | ActiveRecord: 0.0ms)


Started GET "/" for ::1 at 2021-09-28 14:54:51 -0700
Processing by StaticPagesController#root as HTML
  Rendering static_pages/root.html.erb within layouts/application
  Rendered static_pages/root.html.erb within layouts/application (0.5ms)
Completed 200 OK in 306ms (Views: 304.8ms | ActiveRecord: 0.0ms)


Started GET "/" for ::1 at 2021-09-28 14:58:23 -0700
Processing by StaticPagesController#root as HTML
  Rendering static_pages/root.html.erb within layouts/application
  Rendered static_pages/root.html.erb within layouts/application (0.4ms)
Completed 200 OK in 22ms (Views: 21.5ms | ActiveRecord: 0.0ms)


Started GET "/" for ::1 at 2021-09-28 14:59:30 -0700
Processing by StaticPagesController#root as HTML
  Rendering static_pages/root.html.erb within layouts/application
  Rendered static_pages/root.html.erb within layouts/application (0.3ms)
Completed 200 OK in 18ms (Views: 17.3ms | ActiveRecord: 0.0ms)


Started GET "/" for ::1 at 2021-09-28 15:10:26 -0700
Processing by StaticPagesController#root as HTML
  Rendering static_pages/root.html.erb within layouts/application
  Rendered static_pages/root.html.erb within layouts/application (0.4ms)
Completed 200 OK in 38ms (Views: 37.2ms | ActiveRecord: 0.0ms)


Started GET "/" for ::1 at 2021-09-28 15:11:08 -0700
Processing by StaticPagesController#root as HTML
  Rendering static_pages/root.html.erb within layouts/application
  Rendered static_pages/root.html.erb within layouts/application (0.3ms)
Completed 200 OK in 299ms (Views: 298.8ms | ActiveRecord: 0.0ms)


Started POST "/api/session" for ::1 at 2021-09-28 15:11:11 -0700

SyntaxError - syntax error, unexpected end-of-input, expecting keyword_end:
  app/controllers/api/sessions_controller.rb:29:in `'

Started GET "/" for ::1 at 2021-09-28 15:11:50 -0700
Processing by StaticPagesController#root as HTML
  Rendering static_pages/root.html.erb within layouts/application
  Rendered static_pages/root.html.erb within layouts/application (0.2ms)
Completed 200 OK in 28ms (Views: 27.0ms | ActiveRecord: 0.0ms)


Started POST "/api/session" for ::1 at 2021-09-28 15:11:52 -0700
Processing by Api::SessionsController#create as JSON
  Parameters: {"user"=>{"username"=>"", "password"=>"[FILTERED]", "email"=>"sdf"}}
  [1m[36mUser Load (1.4ms)[0m  [1m[34mSELECT  "users".* FROM "users" WHERE "users"."email" = $1 LIMIT $2[0m  [["email", "sdf"], ["LIMIT", 1]]
  ↳ app/controllers/api/sessions_controller.rb:6
Completed 500 Internal Server Error in 18ms (ActiveRecord: 9.3ms)



NoMethodError - undefined method `username' for nil:NilClass:
  app/controllers/api/sessions_controller.rb:6:in `create'

Started GET "/" for ::1 at 2021-09-28 15:13:52 -0700
Processing by StaticPagesController#root as HTML
  Rendering static_pages/root.html.erb within layouts/application
  Rendered static_pages/root.html.erb within layouts/application (0.3ms)
Completed 200 OK in 16ms (Views: 15.8ms | ActiveRecord: 0.0ms)


Started POST "/api/session" for ::1 at 2021-09-28 15:13:54 -0700
Processing by Api::SessionsController#create as JSON
  Parameters: {"user"=>{"username"=>"", "password"=>"[FILTERED]", "email"=>"sdf"}}
  [1m[36mUser Load (0.3ms)[0m  [1m[34mSELECT  "users".* FROM "users" WHERE "users"."email" = $1 LIMIT $2[0m  [["email", "sdf"], ["LIMIT", 1]]
  ↳ app/controllers/api/sessions_controller.rb:6
Completed 401 Unauthorized in 6ms (Views: 0.2ms | ActiveRecord: 1.3ms)


  [1m[36mUser Load (0.7ms)[0m  [1m[34mSELECT "users".* FROM "users"[0m
Started POST "/api/session" for ::1 at 2021-09-28 15:14:37 -0700
Processing by Api::SessionsController#create as JSON
  Parameters: {"user"=>{"username"=>"", "password"=>"[FILTERED]", "email"=>"123@fake.com"}}
  [1m[36mUser Load (0.5ms)[0m  [1m[34mSELECT  "users".* FROM "users" WHERE "users"."email" = $1 LIMIT $2[0m  [["email", "123@fake.com"], ["LIMIT", 1]]
  ↳ app/controllers/api/sessions_controller.rb:6
  [1m[36mUser Load (0.4ms)[0m  [1m[34mSELECT  "users".* FROM "users" WHERE "users"."username" = $1 LIMIT $2[0m  [["username", "kenny"], ["LIMIT", 1]]
  ↳ app/models/user.rb:23
  [1m[35m (0.3ms)[0m  [1m[35mBEGIN[0m
  ↳ app/models/user.rb:42
  [1m[36mUser Exists (0.8ms)[0m  [1m[34mSELECT  1 AS one FROM "users" WHERE "users"."username" = $1 AND "users"."id" != $2 LIMIT $3[0m  [["username", "kenny"], ["id", 1], ["LIMIT", 1]]
  ↳ app/models/user.rb:42
  [1m[36mUser Exists (0.5ms)[0m  [1m[34mSELECT  1 AS one FROM "users" WHERE "users"."email" = $1 AND "users"."id" != $2 LIMIT $3[0m  [["email", "123@fake.com"], ["id", 1], ["LIMIT", 1]]
  ↳ app/models/user.rb:42
  [1m[36mUser Update (2.1ms)[0m  [1m[33mUPDATE "users" SET "session_token" = $1, "updated_at" = $2 WHERE "users"."id" = $3[0m  [["session_token", "82XngSo5w-bIx_uFw7vV8A"], ["updated_at", "2021-09-28 22:14:37.747672"], ["id", 1]]
  ↳ app/models/user.rb:42
  [1m[35m (5.0ms)[0m  [1m[35mCOMMIT[0m
  ↳ app/models/user.rb:42
  Rendering api/users/show.json.jbuilder
  Rendered api/users/_user.json.jbuilder (0.6ms)
  Rendered api/users/show.json.jbuilder (2.5ms)
Completed 200 OK in 241ms (Views: 5.5ms | ActiveRecord: 12.0ms)


Started GET "/" for ::1 at 2021-09-28 15:20:03 -0700
Processing by StaticPagesController#root as HTML
  Rendering static_pages/root.html.erb within layouts/application
  Rendered static_pages/root.html.erb within layouts/application (0.3ms)
Completed 200 OK in 284ms (Views: 283.7ms | ActiveRecord: 0.0ms)


Started GET "/" for ::1 at 2021-09-28 15:20:30 -0700
Processing by StaticPagesController#root as HTML
  Rendering static_pages/root.html.erb within layouts/application
  Rendered static_pages/root.html.erb within layouts/application (0.6ms)
Completed 200 OK in 309ms (Views: 308.3ms | ActiveRecord: 0.0ms)


Started POST "/api/users" for ::1 at 2021-09-28 15:20:52 -0700
Processing by Api::UsersController#create as JSON
  Parameters: {"user"=>{"username"=>"kenny", "password"=>"[FILTERED]", "email"=>"kenny@gmail.com"}}
  [1m[35m (0.3ms)[0m  [1m[35mBEGIN[0m
  ↳ app/controllers/api/users_controller.rb:5
  [1m[36mUser Exists (0.6ms)[0m  [1m[34mSELECT  1 AS one FROM "users" WHERE "users"."username" = $1 LIMIT $2[0m  [["username", "kenny"], ["LIMIT", 1]]
  ↳ app/controllers/api/users_controller.rb:5
  [1m[36mUser Exists (0.4ms)[0m  [1m[34mSELECT  1 AS one FROM "users" WHERE "users"."email" = $1 LIMIT $2[0m  [["email", "kenny@gmail.com"], ["LIMIT", 1]]
  ↳ app/controllers/api/users_controller.rb:5
  [1m[35m (0.3ms)[0m  [1m[31mROLLBACK[0m
  ↳ app/controllers/api/users_controller.rb:5
Completed 401 Unauthorized in 225ms (Views: 0.2ms | ActiveRecord: 1.6ms)


Started POST "/api/users" for ::1 at 2021-09-28 15:21:12 -0700
Processing by Api::UsersController#create as JSON
  Parameters: {"user"=>{"username"=>"kenny2", "password"=>"[FILTERED]", "email"=>"kenny@gmail.com"}}
  [1m[35m (0.3ms)[0m  [1m[35mBEGIN[0m
  ↳ app/controllers/api/users_controller.rb:5
  [1m[36mUser Exists (0.4ms)[0m  [1m[34mSELECT  1 AS one FROM "users" WHERE "users"."username" = $1 LIMIT $2[0m  [["username", "kenny2"], ["LIMIT", 1]]
  ↳ app/controllers/api/users_controller.rb:5
  [1m[36mUser Exists (0.4ms)[0m  [1m[34mSELECT  1 AS one FROM "users" WHERE "users"."email" = $1 LIMIT $2[0m  [["email", "kenny@gmail.com"], ["LIMIT", 1]]
  ↳ app/controllers/api/users_controller.rb:5
  [1m[36mUser Create (0.9ms)[0m  [1m[32mINSERT INTO "users" ("username", "email", "password_digest", "session_token", "created_at", "updated_at") VALUES ($1, $2, $3, $4, $5, $6) RETURNING "id"[0m  [["username", "kenny2"], ["email", "kenny@gmail.com"], ["password_digest", "$2a$12$5towvd8Pc6DwfbCVBzwim.NSK9ePr8lqWRPWIOLsF8Uye9TD1pOly"], ["session_token", "EJ6DbLg_0TgBHah1UznzLw"], ["created_at", "2021-09-28 22:21:12.576985"], ["updated_at", "2021-09-28 22:21:12.576985"]]
  ↳ app/controllers/api/users_controller.rb:5
  [1m[35m (3.8ms)[0m  [1m[35mCOMMIT[0m
  ↳ app/controllers/api/users_controller.rb:5
  [1m[35m (0.3ms)[0m  [1m[35mBEGIN[0m
  ↳ app/models/user.rb:42
  [1m[36mUser Exists (0.4ms)[0m  [1m[34mSELECT  1 AS one FROM "users" WHERE "users"."username" = $1 AND "users"."id" != $2 LIMIT $3[0m  [["username", "kenny2"], ["id", 2], ["LIMIT", 1]]
  ↳ app/models/user.rb:42
  [1m[36mUser Exists (0.5ms)[0m  [1m[34mSELECT  1 AS one FROM "users" WHERE "users"."email" = $1 AND "users"."id" != $2 LIMIT $3[0m  [["email", "kenny@gmail.com"], ["id", 2], ["LIMIT", 1]]
  ↳ app/models/user.rb:42
  [1m[36mUser Update (0.6ms)[0m  [1m[33mUPDATE "users" SET "session_token" = $1, "updated_at" = $2 WHERE "users"."id" = $3[0m  [["session_token", "9PXvC0Ho4Ki2rDJWEoPdpQ"], ["updated_at", "2021-09-28 22:21:12.588390"], ["id", 2]]
  ↳ app/models/user.rb:42
  [1m[35m (4.5ms)[0m  [1m[35mCOMMIT[0m
  ↳ app/models/user.rb:42
  Rendering api/users/show.json.jbuilder
  Rendered api/users/_user.json.jbuilder (0.5ms)
  Rendered api/users/show.json.jbuilder (7.2ms)
Completed 200 OK in 237ms (Views: 9.0ms | ActiveRecord: 11.9ms)


  [1m[36mUser Load (0.5ms)[0m  [1m[34mSELECT "users".* FROM "users"[0m
  [1m[36mUser Load (0.6ms)[0m  [1m[34mSELECT "users".* FROM "users"[0m
Started GET "/" for ::1 at 2021-09-28 15:22:54 -0700
Processing by StaticPagesController#root as HTML
  Rendering static_pages/root.html.erb within layouts/application
  Rendered static_pages/root.html.erb within layouts/application (0.3ms)
Completed 200 OK in 15ms (Views: 14.5ms | ActiveRecord: 0.0ms)


  [1m[35m (0.9ms)[0m  [1m[34mSELECT "schema_migrations"."version" FROM "schema_migrations" ORDER BY "schema_migrations"."version" ASC[0m
  ↳ bin/rails:9
  [1m[35m (0.3ms)[0m  [1m[35mBEGIN[0m
  ↳ db/seeds.rb:9
  [1m[36mUser Exists (1.0ms)[0m  [1m[34mSELECT  1 AS one FROM "users" WHERE "users"."username" = $1 LIMIT $2[0m  [["username", "demo"], ["LIMIT", 1]]
  ↳ db/seeds.rb:9
  [1m[36mUser Exists (0.4ms)[0m  [1m[34mSELECT  1 AS one FROM "users" WHERE "users"."email" = $1 LIMIT $2[0m  [["email", "demodemo@test.com"], ["LIMIT", 1]]
  ↳ db/seeds.rb:9
  [1m[36mUser Create (0.6ms)[0m  [1m[32mINSERT INTO "users" ("username", "email", "password_digest", "session_token", "created_at", "updated_at") VALUES ($1, $2, $3, $4, $5, $6) RETURNING "id"[0m  [["username", "demo"], ["email", "demodemo@test.com"], ["password_digest", "$2a$12$JoW2Tojv4GAOy0nYDDMSW.KLb6RUbaE8aO7A.Ro3/f82poBU0WTBC"], ["session_token", "zCSFsZ2tz4PWGrFVNhxCdA"], ["created_at", "2021-09-28 22:33:00.554104"], ["updated_at", "2021-09-28 22:33:00.554104"]]
  ↳ db/seeds.rb:9
  [1m[35m (4.4ms)[0m  [1m[35mCOMMIT[0m
  ↳ db/seeds.rb:9
  [1m[35m (2.2ms)[0m  [1m[35mCREATE DATABASE "discord_development" ENCODING = 'unicode'[0m
  ↳ bin/rails:9
  [1m[35m (0.8ms)[0m  [1m[35mCREATE DATABASE "discord_test" ENCODING = 'unicode'[0m
  ↳ bin/rails:9
  [1m[35m (0.4ms)[0m  [1m[34mSELECT "schema_migrations"."version" FROM "schema_migrations" ORDER BY "schema_migrations"."version" ASC[0m
  ↳ bin/rails:9
  [1m[35m (2.6ms)[0m  [1m[34mSELECT "ar_internal_metadata"."value" FROM "ar_internal_metadata" WHERE "ar_internal_metadata"."key" = $1[0m  [["key", "environment"]]
  ↳ bin/rails:9
  [1m[35m (0.3ms)[0m  [1m[34mSELECT "schema_migrations"."version" FROM "schema_migrations" ORDER BY "schema_migrations"."version" ASC[0m
  ↳ bin/rails:9
  [1m[35m (0.2ms)[0m  [1m[34mSELECT "ar_internal_metadata"."value" FROM "ar_internal_metadata" WHERE "ar_internal_metadata"."key" = $1[0m  [["key", "environment"]]
  ↳ bin/rails:9
  [1m[35m (0.3ms)[0m  [1m[34mSELECT "schema_migrations"."version" FROM "schema_migrations" ORDER BY "schema_migrations"."version" ASC[0m
  ↳ bin/rails:9
  [1m[35m (0.3ms)[0m  [1m[34mSELECT "ar_internal_metadata"."value" FROM "ar_internal_metadata" WHERE "ar_internal_metadata"."key" = $1[0m  [["key", "environment"]]
  ↳ bin/rails:9
  [1m[35mSQL (3.2ms)[0m  [1m[35mCREATE EXTENSION IF NOT EXISTS "plpgsql"[0m
  ↳ db/schema.rb:16
  [1m[35m (30.9ms)[0m  [1m[35mDROP TABLE IF EXISTS "users" CASCADE[0m
  ↳ db/schema.rb:18
  [1m[35m (67.2ms)[0m  [1m[35mCREATE TABLE "users" ("id" bigserial primary key, "username" character varying NOT NULL, "email" character varying NOT NULL, "password_digest" character varying NOT NULL, "session_token" character varying NOT NULL, "nickname" character varying, "created_at" timestamp NOT NULL, "updated_at" timestamp NOT NULL)[0m
  ↳ db/schema.rb:18
  [1m[35m (12.0ms)[0m  [1m[35mCREATE UNIQUE INDEX  "index_users_on_email" ON "users"  ("email")[0m
  ↳ db/schema.rb:18
  [1m[35m (11.8ms)[0m  [1m[35mCREATE UNIQUE INDEX  "index_users_on_session_token" ON "users"  ("session_token")[0m
  ↳ db/schema.rb:18
  [1m[35m (11.9ms)[0m  [1m[35mCREATE UNIQUE INDEX  "index_users_on_username" ON "users"  ("username")[0m
  ↳ db/schema.rb:18
  [1m[35m (0.5ms)[0m  [1m[34mSELECT "schema_migrations"."version" FROM "schema_migrations" ORDER BY "schema_migrations"."version" ASC[0m
  ↳ db/schema.rb:13
  [1m[36mActiveRecord::InternalMetadata Load (0.3ms)[0m  [1m[34mSELECT  "ar_internal_metadata".* FROM "ar_internal_metadata" WHERE "ar_internal_metadata"."key" = $1 LIMIT $2[0m  [["key", "environment"], ["LIMIT", 1]]
  ↳ db/schema.rb:13
  [1m[35m (0.2ms)[0m  [1m[35mBEGIN[0m
  ↳ db/schema.rb:13
  [1m[35m (0.1ms)[0m  [1m[35mCOMMIT[0m
  ↳ db/schema.rb:13
  [1m[36mActiveRecord::InternalMetadata Load (0.3ms)[0m  [1m[34mSELECT  "ar_internal_metadata".* FROM "ar_internal_metadata" WHERE "ar_internal_metadata"."key" = $1 LIMIT $2[0m  [["key", "environment"], ["LIMIT", 1]]
  ↳ bin/rails:9
  [1m[35m (0.1ms)[0m  [1m[35mBEGIN[0m
  ↳ bin/rails:9
  [1m[35m (0.2ms)[0m  [1m[35mCOMMIT[0m
  ↳ bin/rails:9
  [1m[35mSQL (1.8ms)[0m  [1m[35mCREATE EXTENSION IF NOT EXISTS "plpgsql"[0m
  ↳ db/schema.rb:16
  [1m[35m (0.3ms)[0m  [1m[35mDROP TABLE IF EXISTS "users" CASCADE[0m
  ↳ db/schema.rb:18
  [1m[35m (56.8ms)[0m  [1m[35mCREATE TABLE "users" ("id" bigserial primary key, "username" character varying NOT NULL, "email" character varying NOT NULL, "password_digest" character varying NOT NULL, "session_token" character varying NOT NULL, "nickname" character varying, "created_at" timestamp NOT NULL, "updated_at" timestamp NOT NULL)[0m
  ↳ db/schema.rb:18
  [1m[35m (12.1ms)[0m  [1m[35mCREATE UNIQUE INDEX  "index_users_on_email" ON "users"  ("email")[0m
  ↳ db/schema.rb:18
  [1m[35m (11.5ms)[0m  [1m[35mCREATE UNIQUE INDEX  "index_users_on_session_token" ON "users"  ("session_token")[0m
  ↳ db/schema.rb:18
  [1m[35m (11.9ms)[0m  [1m[35mCREATE UNIQUE INDEX  "index_users_on_username" ON "users"  ("username")[0m
  ↳ db/schema.rb:18
  [1m[35m (22.4ms)[0m  [1m[35mCREATE TABLE "schema_migrations" ("version" character varying NOT NULL PRIMARY KEY)[0m
  ↳ db/schema.rb:13
  [1m[35m (0.5ms)[0m  [1m[34mSELECT "schema_migrations"."version" FROM "schema_migrations" ORDER BY "schema_migrations"."version" ASC[0m
  ↳ db/schema.rb:13
  [1m[35m (4.0ms)[0m  [1m[32mINSERT INTO "schema_migrations" (version) VALUES (20210927190010)[0m
  ↳ db/schema.rb:13
  [1m[35m (23.7ms)[0m  [1m[35mCREATE TABLE "ar_internal_metadata" ("key" character varying NOT NULL PRIMARY KEY, "value" character varying, "created_at" timestamp NOT NULL, "updated_at" timestamp NOT NULL)[0m
  ↳ db/schema.rb:13
  [1m[36mActiveRecord::InternalMetadata Load (0.3ms)[0m  [1m[34mSELECT  "ar_internal_metadata".* FROM "ar_internal_metadata" WHERE "ar_internal_metadata"."key" = $1 LIMIT $2[0m  [["key", "environment"], ["LIMIT", 1]]
  ↳ db/schema.rb:13
  [1m[35m (0.1ms)[0m  [1m[35mBEGIN[0m
  ↳ db/schema.rb:13
  [1m[36mActiveRecord::InternalMetadata Create (0.3ms)[0m  [1m[32mINSERT INTO "ar_internal_metadata" ("key", "value", "created_at", "updated_at") VALUES ($1, $2, $3, $4) RETURNING "key"[0m  [["key", "environment"], ["value", "development"], ["created_at", "2021-09-28 22:33:07.984649"], ["updated_at", "2021-09-28 22:33:07.984649"]]
  ↳ db/schema.rb:13
  [1m[35m (3.6ms)[0m  [1m[35mCOMMIT[0m
  ↳ db/schema.rb:13
  [1m[36mActiveRecord::InternalMetadata Load (0.2ms)[0m  [1m[34mSELECT  "ar_internal_metadata".* FROM "ar_internal_metadata" WHERE "ar_internal_metadata"."key" = $1 LIMIT $2[0m  [["key", "environment"], ["LIMIT", 1]]
  ↳ bin/rails:9
  [1m[35m (0.2ms)[0m  [1m[35mBEGIN[0m
  ↳ bin/rails:9
  [1m[36mActiveRecord::InternalMetadata Update (0.4ms)[0m  [1m[33mUPDATE "ar_internal_metadata" SET "value" = $1, "updated_at" = $2 WHERE "ar_internal_metadata"."key" = $3[0m  [["value", "test"], ["updated_at", "2021-09-28 22:33:07.992307"], ["key", "environment"]]
  ↳ bin/rails:9
  [1m[35m (4.0ms)[0m  [1m[35mCOMMIT[0m
  ↳ bin/rails:9
  [1m[35m (1.0ms)[0m  [1m[34mSELECT "schema_migrations"."version" FROM "schema_migrations" ORDER BY "schema_migrations"."version" ASC[0m
  ↳ bin/rails:9
  [1m[35m (0.2ms)[0m  [1m[35mBEGIN[0m
  ↳ db/seeds.rb:9
  [1m[36mUser Exists (0.6ms)[0m  [1m[34mSELECT  1 AS one FROM "users" WHERE "users"."username" = $1 LIMIT $2[0m  [["username", "demo"], ["LIMIT", 1]]
  ↳ db/seeds.rb:9
  [1m[36mUser Exists (0.2ms)[0m  [1m[34mSELECT  1 AS one FROM "users" WHERE "users"."email" = $1 LIMIT $2[0m  [["email", "demodemo@test.com"], ["LIMIT", 1]]
  ↳ db/seeds.rb:9
  [1m[36mUser Create (0.5ms)[0m  [1m[32mINSERT INTO "users" ("username", "email", "password_digest", "session_token", "created_at", "updated_at") VALUES ($1, $2, $3, $4, $5, $6) RETURNING "id"[0m  [["username", "demo"], ["email", "demodemo@test.com"], ["password_digest", "$2a$12$6sOFCVe698c5GCTL0mtzj.O1yYFiDssEdQQ1KNGG5YGoJqQG7iY.m"], ["session_token", "Acx5JFVlxBFNANyWNIjJXg"], ["created_at", "2021-09-28 22:33:08.242707"], ["updated_at", "2021-09-28 22:33:08.242707"]]
  ↳ db/seeds.rb:9
  [1m[35m (3.8ms)[0m  [1m[35mCOMMIT[0m
  ↳ db/seeds.rb:9
  [1m[36mUser Load (0.6ms)[0m  [1m[34mSELECT "users".* FROM "users"[0m
Started GET "/" for ::1 at 2021-09-28 15:34:16 -0700
Processing by StaticPagesController#root as HTML
  Rendering static_pages/root.html.erb within layouts/application
  Rendered static_pages/root.html.erb within layouts/application (0.4ms)
Completed 200 OK in 379ms (Views: 378.1ms | ActiveRecord: 0.0ms)


Started GET "/" for ::1 at 2021-09-28 15:34:37 -0700
Processing by StaticPagesController#root as HTML
  Rendering static_pages/root.html.erb within layouts/application
  Rendered static_pages/root.html.erb within layouts/application (0.5ms)
Completed 200 OK in 404ms (Views: 403.0ms | ActiveRecord: 0.0ms)


Started POST "/api/session" for ::1 at 2021-09-28 15:34:42 -0700
Processing by Api::SessionsController#create as JSON
  Parameters: {"user"=>{"username"=>"demo", "password"=>"[FILTERED]", "email"=>"demodemo@test.com"}}
  [1m[36mUser Load (0.9ms)[0m  [1m[34mSELECT  "users".* FROM "users" WHERE "users"."email" = $1 LIMIT $2[0m  [["email", "demodemo@test.com"], ["LIMIT", 1]]
  ↳ app/controllers/api/sessions_controller.rb:6
  [1m[36mUser Load (0.4ms)[0m  [1m[34mSELECT  "users".* FROM "users" WHERE "users"."username" = $1 LIMIT $2[0m  [["username", "demo"], ["LIMIT", 1]]
  ↳ app/models/user.rb:23
  [1m[35m (0.3ms)[0m  [1m[35mBEGIN[0m
  ↳ app/models/user.rb:42
  [1m[36mUser Exists (0.8ms)[0m  [1m[34mSELECT  1 AS one FROM "users" WHERE "users"."username" = $1 AND "users"."id" != $2 LIMIT $3[0m  [["username", "demo"], ["id", 1], ["LIMIT", 1]]
  ↳ app/models/user.rb:42
  [1m[36mUser Exists (0.6ms)[0m  [1m[34mSELECT  1 AS one FROM "users" WHERE "users"."email" = $1 AND "users"."id" != $2 LIMIT $3[0m  [["email", "demodemo@test.com"], ["id", 1], ["LIMIT", 1]]
  ↳ app/models/user.rb:42
  [1m[36mUser Update (0.8ms)[0m  [1m[33mUPDATE "users" SET "session_token" = $1, "updated_at" = $2 WHERE "users"."id" = $3[0m  [["session_token", "UJib3vdAb4Ls1oQMuhseRA"], ["updated_at", "2021-09-28 22:34:42.626831"], ["id", 1]]
  ↳ app/models/user.rb:42
  [1m[35m (4.5ms)[0m  [1m[35mCOMMIT[0m
  ↳ app/models/user.rb:42
  Rendering api/users/show.json.jbuilder
  Rendered api/users/_user.json.jbuilder (0.3ms)
  Rendered api/users/show.json.jbuilder (1.4ms)
Completed 200 OK in 229ms (Views: 2.8ms | ActiveRecord: 8.6ms)


Started GET "/" for ::1 at 2021-09-28 15:35:23 -0700
Processing by StaticPagesController#root as HTML
  Rendering static_pages/root.html.erb within layouts/application
  Rendered static_pages/root.html.erb within layouts/application (0.4ms)
Completed 200 OK in 288ms (Views: 286.9ms | ActiveRecord: 0.0ms)


Started POST "/api/session" for ::1 at 2021-09-28 15:35:29 -0700
Processing by Api::SessionsController#create as JSON
  Parameters: {"user"=>{"username"=>"demo", "password"=>"[FILTERED]", "email"=>"demodemo@test.com"}}
  [1m[36mUser Load (0.7ms)[0m  [1m[34mSELECT  "users".* FROM "users" WHERE "users"."email" = $1 LIMIT $2[0m  [["email", "demodemo@test.com"], ["LIMIT", 1]]
  ↳ app/controllers/api/sessions_controller.rb:6
  [1m[36mUser Load (0.6ms)[0m  [1m[34mSELECT  "users".* FROM "users" WHERE "users"."username" = $1 LIMIT $2[0m  [["username", "demo"], ["LIMIT", 1]]
  ↳ app/models/user.rb:23
  [1m[35m (0.2ms)[0m  [1m[35mBEGIN[0m
  ↳ app/models/user.rb:42
  [1m[36mUser Exists (0.7ms)[0m  [1m[34mSELECT  1 AS one FROM "users" WHERE "users"."username" = $1 AND "users"."id" != $2 LIMIT $3[0m  [["username", "demo"], ["id", 1], ["LIMIT", 1]]
  ↳ app/models/user.rb:42
  [1m[36mUser Exists (0.7ms)[0m  [1m[34mSELECT  1 AS one FROM "users" WHERE "users"."email" = $1 AND "users"."id" != $2 LIMIT $3[0m  [["email", "demodemo@test.com"], ["id", 1], ["LIMIT", 1]]
  ↳ app/models/user.rb:42
  [1m[36mUser Update (0.5ms)[0m  [1m[33mUPDATE "users" SET "session_token" = $1, "updated_at" = $2 WHERE "users"."id" = $3[0m  [["session_token", "CxR4TCl1Ucl81r5TFCEnCQ"], ["updated_at", "2021-09-28 22:35:29.623131"], ["id", 1]]
  ↳ app/models/user.rb:42
  [1m[35m (4.4ms)[0m  [1m[35mCOMMIT[0m
  ↳ app/models/user.rb:42
  Rendering api/users/show.json.jbuilder
  Rendered api/users/_user.json.jbuilder (0.6ms)
  Rendered api/users/show.json.jbuilder (2.3ms)
Completed 200 OK in 240ms (Views: 4.8ms | ActiveRecord: 7.8ms)


Started GET "/" for ::1 at 2021-09-28 15:36:08 -0700
Processing by StaticPagesController#root as HTML
  Rendering static_pages/root.html.erb within layouts/application
  Rendered static_pages/root.html.erb within layouts/application (0.5ms)
Completed 200 OK in 305ms (Views: 303.9ms | ActiveRecord: 0.0ms)


Started POST "/api/session" for ::1 at 2021-09-28 15:36:12 -0700
Processing by Api::SessionsController#create as JSON
  Parameters: {"user"=>{"username"=>"demo", "password"=>"[FILTERED]", "email"=>"demodemo@test.com"}}
  [1m[36mUser Load (0.6ms)[0m  [1m[34mSELECT  "users".* FROM "users" WHERE "users"."email" = $1 LIMIT $2[0m  [["email", "demodemo@test.com"], ["LIMIT", 1]]
  ↳ app/controllers/api/sessions_controller.rb:6
  [1m[36mUser Load (0.4ms)[0m  [1m[34mSELECT  "users".* FROM "users" WHERE "users"."username" = $1 LIMIT $2[0m  [["username", "demo"], ["LIMIT", 1]]
  ↳ app/models/user.rb:23
  [1m[35m (0.3ms)[0m  [1m[35mBEGIN[0m
  ↳ app/models/user.rb:42
  [1m[36mUser Exists (0.5ms)[0m  [1m[34mSELECT  1 AS one FROM "users" WHERE "users"."username" = $1 AND "users"."id" != $2 LIMIT $3[0m  [["username", "demo"], ["id", 1], ["LIMIT", 1]]
  ↳ app/models/user.rb:42
  [1m[36mUser Exists (0.4ms)[0m  [1m[34mSELECT  1 AS one FROM "users" WHERE "users"."email" = $1 AND "users"."id" != $2 LIMIT $3[0m  [["email", "demodemo@test.com"], ["id", 1], ["LIMIT", 1]]
  ↳ app/models/user.rb:42
  [1m[36mUser Update (0.3ms)[0m  [1m[33mUPDATE "users" SET "session_token" = $1, "updated_at" = $2 WHERE "users"."id" = $3[0m  [["session_token", "KOnDPS0et3CjvtAYWfI57w"], ["updated_at", "2021-09-28 22:36:13.033116"], ["id", 1]]
  ↳ app/models/user.rb:42
  [1m[35m (3.9ms)[0m  [1m[35mCOMMIT[0m
  ↳ app/models/user.rb:42
  Rendering api/users/show.json.jbuilder
  Rendered api/users/_user.json.jbuilder (0.2ms)
  Rendered api/users/show.json.jbuilder (0.9ms)
Completed 200 OK in 220ms (Views: 2.5ms | ActiveRecord: 6.4ms)


Started GET "/" for ::1 at 2021-09-28 15:42:33 -0700
Processing by StaticPagesController#root as HTML
  Rendering static_pages/root.html.erb within layouts/application
  Rendered static_pages/root.html.erb within layouts/application (0.4ms)
Completed 200 OK in 313ms (Views: 312.6ms | ActiveRecord: 0.0ms)


Started GET "/" for ::1 at 2021-09-28 15:46:45 -0700
Processing by StaticPagesController#root as HTML
  Rendering static_pages/root.html.erb within layouts/application
  Rendered static_pages/root.html.erb within layouts/application (0.4ms)
Completed 200 OK in 22ms (Views: 21.2ms | ActiveRecord: 0.0ms)


Started GET "/" for ::1 at 2021-09-28 15:54:09 -0700
Processing by StaticPagesController#root as HTML
  Rendering static_pages/root.html.erb within layouts/application
  Rendered static_pages/root.html.erb within layouts/application (0.5ms)
Completed 200 OK in 293ms (Views: 292.1ms | ActiveRecord: 0.0ms)


Started GET "/" for ::1 at 2021-09-28 15:57:30 -0700
Processing by StaticPagesController#root as HTML
  Rendering static_pages/root.html.erb within layouts/application
  Rendered static_pages/root.html.erb within layouts/application (0.3ms)
Completed 200 OK in 272ms (Views: 271.4ms | ActiveRecord: 0.0ms)


Started GET "/" for ::1 at 2021-09-28 15:57:33 -0700
Processing by StaticPagesController#root as HTML
  Rendering static_pages/root.html.erb within layouts/application
  Rendered static_pages/root.html.erb within layouts/application (0.4ms)
Completed 200 OK in 18ms (Views: 17.5ms | ActiveRecord: 0.0ms)


Started GET "/" for ::1 at 2021-09-28 16:57:13 -0700
Processing by StaticPagesController#root as HTML
  Rendering static_pages/root.html.erb within layouts/application
  Rendered static_pages/root.html.erb within layouts/application (5.3ms)
Completed 200 OK in 452ms (Views: 447.8ms | ActiveRecord: 0.0ms)


Started GET "/" for ::1 at 2021-09-28 16:57:23 -0700
Processing by StaticPagesController#root as HTML
  Rendering static_pages/root.html.erb within layouts/application
  Rendered static_pages/root.html.erb within layouts/application (0.5ms)
Completed 200 OK in 449ms (Views: 448.2ms | ActiveRecord: 0.0ms)


Started GET "/" for ::1 at 2021-09-28 16:57:36 -0700
Processing by StaticPagesController#root as HTML
  Rendering static_pages/root.html.erb within layouts/application
  Rendered static_pages/root.html.erb within layouts/application (0.6ms)
Completed 200 OK in 339ms (Views: 338.4ms | ActiveRecord: 0.0ms)


Started GET "/" for ::1 at 2021-09-28 16:57:38 -0700
Processing by StaticPagesController#root as HTML
  Rendering static_pages/root.html.erb within layouts/application
  Rendered static_pages/root.html.erb within layouts/application (0.5ms)
Completed 200 OK in 27ms (Views: 25.8ms | ActiveRecord: 0.0ms)


Started GET "/" for ::1 at 2021-09-28 17:04:57 -0700
Processing by StaticPagesController#root as HTML
  Rendering static_pages/root.html.erb within layouts/application
  Rendered static_pages/root.html.erb within layouts/application (0.4ms)
Completed 200 OK in 305ms (Views: 304.9ms | ActiveRecord: 0.0ms)


Started GET "/" for ::1 at 2021-09-28 17:07:55 -0700
Processing by StaticPagesController#root as HTML
  Rendering static_pages/root.html.erb within layouts/application
  Rendered static_pages/root.html.erb within layouts/application (0.6ms)
Completed 200 OK in 383ms (Views: 381.7ms | ActiveRecord: 0.0ms)


Started GET "/" for ::1 at 2021-09-28 17:08:15 -0700
Processing by StaticPagesController#root as HTML
  Rendering static_pages/root.html.erb within layouts/application
  Rendered static_pages/root.html.erb within layouts/application (0.8ms)
Completed 200 OK in 536ms (Views: 535.0ms | ActiveRecord: 0.0ms)


Started GET "/" for ::1 at 2021-09-28 17:08:37 -0700
Processing by StaticPagesController#root as HTML
  Rendering static_pages/root.html.erb within layouts/application
  Rendered static_pages/root.html.erb within layouts/application (0.4ms)
Completed 200 OK in 301ms (Views: 300.1ms | ActiveRecord: 0.0ms)


Started GET "/" for ::1 at 2021-09-28 17:10:23 -0700
Processing by StaticPagesController#root as HTML
  Rendering static_pages/root.html.erb within layouts/application
  Rendered static_pages/root.html.erb within layouts/application (0.5ms)
Completed 200 OK in 277ms (Views: 276.5ms | ActiveRecord: 0.0ms)


Started POST "/api/session" for ::1 at 2021-09-28 17:10:29 -0700
Processing by Api::SessionsController#create as JSON
  Parameters: {"user"=>{"username"=>"demo", "password"=>"[FILTERED]", "email"=>"demodemo@test.com"}}
  [1m[36mUser Load (2.4ms)[0m  [1m[34mSELECT  "users".* FROM "users" WHERE "users"."email" = $1 LIMIT $2[0m  [["email", "demodemo@test.com"], ["LIMIT", 1]]
  ↳ app/controllers/api/sessions_controller.rb:6
  [1m[36mUser Load (0.3ms)[0m  [1m[34mSELECT  "users".* FROM "users" WHERE "users"."username" = $1 LIMIT $2[0m  [["username", "demo"], ["LIMIT", 1]]
  ↳ app/models/user.rb:23
  [1m[35m (0.3ms)[0m  [1m[35mBEGIN[0m
  ↳ app/models/user.rb:42
  [1m[36mUser Exists (0.6ms)[0m  [1m[34mSELECT  1 AS one FROM "users" WHERE "users"."username" = $1 AND "users"."id" != $2 LIMIT $3[0m  [["username", "demo"], ["id", 1], ["LIMIT", 1]]
  ↳ app/models/user.rb:42
  [1m[36mUser Exists (0.2ms)[0m  [1m[34mSELECT  1 AS one FROM "users" WHERE "users"."email" = $1 AND "users"."id" != $2 LIMIT $3[0m  [["email", "demodemo@test.com"], ["id", 1], ["LIMIT", 1]]
  ↳ app/models/user.rb:42
  [1m[36mUser Update (1.7ms)[0m  [1m[33mUPDATE "users" SET "session_token" = $1, "updated_at" = $2 WHERE "users"."id" = $3[0m  [["session_token", "cp5tvArLA3X5JwRLzOKwkA"], ["updated_at", "2021-09-29 00:10:29.942616"], ["id", 1]]
  ↳ app/models/user.rb:42
  [1m[35m (4.4ms)[0m  [1m[35mCOMMIT[0m
  ↳ app/models/user.rb:42
  Rendering api/users/show.json.jbuilder
  Rendered api/users/_user.json.jbuilder (0.8ms)
  Rendered api/users/show.json.jbuilder (2.7ms)
Completed 200 OK in 230ms (Views: 4.7ms | ActiveRecord: 10.3ms)


Started GET "/" for ::1 at 2021-09-28 17:11:17 -0700
Processing by StaticPagesController#root as HTML
  Rendering static_pages/root.html.erb within layouts/application
  Rendered static_pages/root.html.erb within layouts/application (0.4ms)
Completed 200 OK in 287ms (Views: 286.3ms | ActiveRecord: 0.0ms)


Started POST "/api/session" for ::1 at 2021-09-28 17:11:20 -0700
Processing by Api::SessionsController#create as JSON
  Parameters: {"user"=>{"username"=>"demo", "password"=>"[FILTERED]", "email"=>"demodemo@test.com"}}
  [1m[36mUser Load (0.6ms)[0m  [1m[34mSELECT  "users".* FROM "users" WHERE "users"."email" = $1 LIMIT $2[0m  [["email", "demodemo@test.com"], ["LIMIT", 1]]
  ↳ app/controllers/api/sessions_controller.rb:6
  [1m[36mUser Load (0.4ms)[0m  [1m[34mSELECT  "users".* FROM "users" WHERE "users"."username" = $1 LIMIT $2[0m  [["username", "demo"], ["LIMIT", 1]]
  ↳ app/models/user.rb:23
  [1m[35m (0.2ms)[0m  [1m[35mBEGIN[0m
  ↳ app/models/user.rb:42
  [1m[36mUser Exists (0.5ms)[0m  [1m[34mSELECT  1 AS one FROM "users" WHERE "users"."username" = $1 AND "users"."id" != $2 LIMIT $3[0m  [["username", "demo"], ["id", 1], ["LIMIT", 1]]
  ↳ app/models/user.rb:42
  [1m[36mUser Exists (0.4ms)[0m  [1m[34mSELECT  1 AS one FROM "users" WHERE "users"."email" = $1 AND "users"."id" != $2 LIMIT $3[0m  [["email", "demodemo@test.com"], ["id", 1], ["LIMIT", 1]]
  ↳ app/models/user.rb:42
  [1m[36mUser Update (0.5ms)[0m  [1m[33mUPDATE "users" SET "session_token" = $1, "updated_at" = $2 WHERE "users"."id" = $3[0m  [["session_token", "Cv3L63u326ZFQnOs17H5Ug"], ["updated_at", "2021-09-29 00:11:20.342110"], ["id", 1]]
  ↳ app/models/user.rb:42
  [1m[35m (4.2ms)[0m  [1m[35mCOMMIT[0m
  ↳ app/models/user.rb:42
  Rendering api/users/show.json.jbuilder
  Rendered api/users/_user.json.jbuilder (0.5ms)
  Rendered api/users/show.json.jbuilder (2.0ms)
Completed 200 OK in 222ms (Views: 4.2ms | ActiveRecord: 6.8ms)


Started DELETE "/api/session" for ::1 at 2021-09-28 17:12:23 -0700
Processing by Api::SessionsController#destroy as JSON
  [1m[36mUser Load (0.3ms)[0m  [1m[34mSELECT  "users".* FROM "users" WHERE "users"."session_token" = $1 LIMIT $2[0m  [["session_token", "Cv3L63u326ZFQnOs17H5Ug"], ["LIMIT", 1]]
  ↳ app/controllers/application_controller.rb:11
  [1m[36mCACHE User Load (0.0ms)[0m  [1m[34mSELECT  "users".* FROM "users" WHERE "users"."session_token" = $1 LIMIT $2[0m  [["session_token", "Cv3L63u326ZFQnOs17H5Ug"], ["LIMIT", 1]]
  ↳ app/controllers/application_controller.rb:11
  [1m[35m (0.1ms)[0m  [1m[35mBEGIN[0m
  ↳ app/models/user.rb:42
  [1m[36mUser Exists (0.3ms)[0m  [1m[34mSELECT  1 AS one FROM "users" WHERE "users"."username" = $1 AND "users"."id" != $2 LIMIT $3[0m  [["username", "demo"], ["id", 1], ["LIMIT", 1]]
  ↳ app/models/user.rb:42
  [1m[36mUser Exists (0.3ms)[0m  [1m[34mSELECT  1 AS one FROM "users" WHERE "users"."email" = $1 AND "users"."id" != $2 LIMIT $3[0m  [["email", "demodemo@test.com"], ["id", 1], ["LIMIT", 1]]
  ↳ app/models/user.rb:42
  [1m[36mUser Update (0.6ms)[0m  [1m[33mUPDATE "users" SET "session_token" = $1, "updated_at" = $2 WHERE "users"."id" = $3[0m  [["session_token", "VggiC8RknOoSrWB3Gv0AtA"], ["updated_at", "2021-09-29 00:12:23.153322"], ["id", 1]]
  ↳ app/models/user.rb:42
  [1m[35m (3.7ms)[0m  [1m[35mCOMMIT[0m
  ↳ app/models/user.rb:42
Completed 200 OK in 13ms (Views: 0.2ms | ActiveRecord: 5.4ms)


Started POST "/api/session" for ::1 at 2021-09-28 17:12:33 -0700
Processing by Api::SessionsController#create as JSON
  Parameters: {"user"=>{"username"=>"demo", "password"=>"[FILTERED]", "email"=>"demodemo@test.com"}}
  [1m[36mUser Load (0.7ms)[0m  [1m[34mSELECT  "users".* FROM "users" WHERE "users"."email" = $1 LIMIT $2[0m  [["email", "demodemo@test.com"], ["LIMIT", 1]]
  ↳ app/controllers/api/sessions_controller.rb:6
  [1m[36mUser Load (0.6ms)[0m  [1m[34mSELECT  "users".* FROM "users" WHERE "users"."username" = $1 LIMIT $2[0m  [["username", "demo"], ["LIMIT", 1]]
  ↳ app/models/user.rb:23
  [1m[35m (0.3ms)[0m  [1m[35mBEGIN[0m
  ↳ app/models/user.rb:42
  [1m[36mUser Exists (0.4ms)[0m  [1m[34mSELECT  1 AS one FROM "users" WHERE "users"."username" = $1 AND "users"."id" != $2 LIMIT $3[0m  [["username", "demo"], ["id", 1], ["LIMIT", 1]]
  ↳ app/models/user.rb:42
  [1m[36mUser Exists (0.3ms)[0m  [1m[34mSELECT  1 AS one FROM "users" WHERE "users"."email" = $1 AND "users"."id" != $2 LIMIT $3[0m  [["email", "demodemo@test.com"], ["id", 1], ["LIMIT", 1]]
  ↳ app/models/user.rb:42
  [1m[36mUser Update (0.4ms)[0m  [1m[33mUPDATE "users" SET "session_token" = $1, "updated_at" = $2 WHERE "users"."id" = $3[0m  [["session_token", "9b2EWs9tWyzcPz7feGo_OA"], ["updated_at", "2021-09-29 00:12:33.650589"], ["id", 1]]
  ↳ app/models/user.rb:42
  [1m[35m (3.8ms)[0m  [1m[35mCOMMIT[0m
  ↳ app/models/user.rb:42
  Rendering api/users/show.json.jbuilder
  Rendered api/users/_user.json.jbuilder (0.3ms)
  Rendered api/users/show.json.jbuilder (1.1ms)
Completed 200 OK in 227ms (Views: 2.4ms | ActiveRecord: 6.5ms)


Started DELETE "/api/session" for ::1 at 2021-09-28 17:12:37 -0700
Processing by Api::SessionsController#destroy as JSON
  [1m[36mUser Load (0.3ms)[0m  [1m[34mSELECT  "users".* FROM "users" WHERE "users"."session_token" = $1 LIMIT $2[0m  [["session_token", "9b2EWs9tWyzcPz7feGo_OA"], ["LIMIT", 1]]
  ↳ app/controllers/application_controller.rb:11
  [1m[36mCACHE User Load (0.0ms)[0m  [1m[34mSELECT  "users".* FROM "users" WHERE "users"."session_token" = $1 LIMIT $2[0m  [["session_token", "9b2EWs9tWyzcPz7feGo_OA"], ["LIMIT", 1]]
  ↳ app/controllers/application_controller.rb:11
  [1m[35m (0.2ms)[0m  [1m[35mBEGIN[0m
  ↳ app/models/user.rb:42
  [1m[36mUser Exists (0.4ms)[0m  [1m[34mSELECT  1 AS one FROM "users" WHERE "users"."username" = $1 AND "users"."id" != $2 LIMIT $3[0m  [["username", "demo"], ["id", 1], ["LIMIT", 1]]
  ↳ app/models/user.rb:42
  [1m[36mUser Exists (0.3ms)[0m  [1m[34mSELECT  1 AS one FROM "users" WHERE "users"."email" = $1 AND "users"."id" != $2 LIMIT $3[0m  [["email", "demodemo@test.com"], ["id", 1], ["LIMIT", 1]]
  ↳ app/models/user.rb:42
  [1m[36mUser Update (0.7ms)[0m  [1m[33mUPDATE "users" SET "session_token" = $1, "updated_at" = $2 WHERE "users"."id" = $3[0m  [["session_token", "xupzID2-k6ueV2hVHtaJWg"], ["updated_at", "2021-09-29 00:12:37.021734"], ["id", 1]]
  ↳ app/models/user.rb:42
  [1m[35m (3.9ms)[0m  [1m[35mCOMMIT[0m
  ↳ app/models/user.rb:42
Completed 200 OK in 11ms (Views: 0.1ms | ActiveRecord: 5.8ms)


Started GET "/" for ::1 at 2021-09-28 17:13:01 -0700
Processing by StaticPagesController#root as HTML
  Rendering static_pages/root.html.erb within layouts/application
  Rendered static_pages/root.html.erb within layouts/application (0.7ms)
Completed 200 OK in 267ms (Views: 266.1ms | ActiveRecord: 0.0ms)


Started GET "/" for ::1 at 2021-09-28 17:16:14 -0700
Processing by StaticPagesController#root as HTML
  Rendering static_pages/root.html.erb within layouts/application
  Rendered static_pages/root.html.erb within layouts/application (0.4ms)
Completed 200 OK in 391ms (Views: 388.8ms | ActiveRecord: 0.0ms)


Started POST "/api/session" for ::1 at 2021-09-28 17:16:17 -0700
Processing by Api::SessionsController#create as JSON
  Parameters: {"user"=>{"username"=>"demo", "password"=>"[FILTERED]", "email"=>"demodemo@test.com"}}
  [1m[36mUser Load (0.5ms)[0m  [1m[34mSELECT  "users".* FROM "users" WHERE "users"."email" = $1 LIMIT $2[0m  [["email", "demodemo@test.com"], ["LIMIT", 1]]
  ↳ app/controllers/api/sessions_controller.rb:6
  [1m[36mUser Load (0.5ms)[0m  [1m[34mSELECT  "users".* FROM "users" WHERE "users"."username" = $1 LIMIT $2[0m  [["username", "demo"], ["LIMIT", 1]]
  ↳ app/models/user.rb:23
  [1m[35m (0.2ms)[0m  [1m[35mBEGIN[0m
  ↳ app/models/user.rb:42
  [1m[36mUser Exists (0.5ms)[0m  [1m[34mSELECT  1 AS one FROM "users" WHERE "users"."username" = $1 AND "users"."id" != $2 LIMIT $3[0m  [["username", "demo"], ["id", 1], ["LIMIT", 1]]
  ↳ app/models/user.rb:42
  [1m[36mUser Exists (0.4ms)[0m  [1m[34mSELECT  1 AS one FROM "users" WHERE "users"."email" = $1 AND "users"."id" != $2 LIMIT $3[0m  [["email", "demodemo@test.com"], ["id", 1], ["LIMIT", 1]]
  ↳ app/models/user.rb:42
  [1m[36mUser Update (0.4ms)[0m  [1m[33mUPDATE "users" SET "session_token" = $1, "updated_at" = $2 WHERE "users"."id" = $3[0m  [["session_token", "ShoQ3clKVrlC2LIxytdbWA"], ["updated_at", "2021-09-29 00:16:17.724304"], ["id", 1]]
  ↳ app/models/user.rb:42
  [1m[35m (4.2ms)[0m  [1m[35mCOMMIT[0m
  ↳ app/models/user.rb:42
  Rendering api/users/show.json.jbuilder
  Rendered api/users/_user.json.jbuilder (0.4ms)
  Rendered api/users/show.json.jbuilder (1.5ms)
Completed 200 OK in 220ms (Views: 3.1ms | ActiveRecord: 6.6ms)


Started DELETE "/api/session" for ::1 at 2021-09-28 17:16:19 -0700
Processing by Api::SessionsController#destroy as JSON
  [1m[36mUser Load (0.3ms)[0m  [1m[34mSELECT  "users".* FROM "users" WHERE "users"."session_token" = $1 LIMIT $2[0m  [["session_token", "ShoQ3clKVrlC2LIxytdbWA"], ["LIMIT", 1]]
  ↳ app/controllers/application_controller.rb:11
  [1m[36mCACHE User Load (0.0ms)[0m  [1m[34mSELECT  "users".* FROM "users" WHERE "users"."session_token" = $1 LIMIT $2[0m  [["session_token", "ShoQ3clKVrlC2LIxytdbWA"], ["LIMIT", 1]]
  ↳ app/controllers/application_controller.rb:11
  [1m[35m (0.2ms)[0m  [1m[35mBEGIN[0m
  ↳ app/models/user.rb:42
  [1m[36mUser Exists (0.4ms)[0m  [1m[34mSELECT  1 AS one FROM "users" WHERE "users"."username" = $1 AND "users"."id" != $2 LIMIT $3[0m  [["username", "demo"], ["id", 1], ["LIMIT", 1]]
  ↳ app/models/user.rb:42
  [1m[36mUser Exists (0.3ms)[0m  [1m[34mSELECT  1 AS one FROM "users" WHERE "users"."email" = $1 AND "users"."id" != $2 LIMIT $3[0m  [["email", "demodemo@test.com"], ["id", 1], ["LIMIT", 1]]
  ↳ app/models/user.rb:42
  [1m[36mUser Update (0.4ms)[0m  [1m[33mUPDATE "users" SET "session_token" = $1, "updated_at" = $2 WHERE "users"."id" = $3[0m  [["session_token", "oza2YsacdZSjeh2J7hYmaQ"], ["updated_at", "2021-09-29 00:16:19.092537"], ["id", 1]]
  ↳ app/models/user.rb:42
  [1m[35m (3.7ms)[0m  [1m[35mCOMMIT[0m
  ↳ app/models/user.rb:42
Completed 200 OK in 11ms (Views: 0.1ms | ActiveRecord: 5.3ms)


Started POST "/api/users" for ::1 at 2021-09-28 17:16:20 -0700
Processing by Api::UsersController#create as JSON
  Parameters: {"user"=>{"username"=>"demo", "password"=>"[FILTERED]", "email"=>"demodemo@test.com"}}
  [1m[35m (0.2ms)[0m  [1m[35mBEGIN[0m
  ↳ app/controllers/api/users_controller.rb:5
  [1m[36mUser Exists (0.4ms)[0m  [1m[34mSELECT  1 AS one FROM "users" WHERE "users"."username" = $1 LIMIT $2[0m  [["username", "demo"], ["LIMIT", 1]]
  ↳ app/controllers/api/users_controller.rb:5
  [1m[36mUser Exists (0.3ms)[0m  [1m[34mSELECT  1 AS one FROM "users" WHERE "users"."email" = $1 LIMIT $2[0m  [["email", "demodemo@test.com"], ["LIMIT", 1]]
  ↳ app/controllers/api/users_controller.rb:5
  [1m[35m (0.2ms)[0m  [1m[31mROLLBACK[0m
  ↳ app/controllers/api/users_controller.rb:5
Completed 401 Unauthorized in 216ms (Views: 0.2ms | ActiveRecord: 1.1ms)


Started POST "/api/users" for ::1 at 2021-09-28 17:17:03 -0700
Processing by Api::UsersController#create as JSON
  Parameters: {"user"=>{"username"=>"Asdf", "password"=>"[FILTERED]", "email"=>"asdf@gmail.com"}}
  [1m[35m (0.3ms)[0m  [1m[35mBEGIN[0m
  ↳ app/controllers/api/users_controller.rb:5
  [1m[36mUser Exists (0.5ms)[0m  [1m[34mSELECT  1 AS one FROM "users" WHERE "users"."username" = $1 LIMIT $2[0m  [["username", "Asdf"], ["LIMIT", 1]]
  ↳ app/controllers/api/users_controller.rb:5
  [1m[36mUser Exists (0.2ms)[0m  [1m[34mSELECT  1 AS one FROM "users" WHERE "users"."email" = $1 LIMIT $2[0m  [["email", "asdf@gmail.com"], ["LIMIT", 1]]
  ↳ app/controllers/api/users_controller.rb:5
  [1m[36mUser Create (1.1ms)[0m  [1m[32mINSERT INTO "users" ("username", "email", "password_digest", "session_token", "created_at", "updated_at") VALUES ($1, $2, $3, $4, $5, $6) RETURNING "id"[0m  [["username", "Asdf"], ["email", "asdf@gmail.com"], ["password_digest", "$2a$12$1SOKZVzQrcYqxgRLNtqkyO/kFJREH67B.7IdQotGnaGhBgxMvb9aa"], ["session_token", "hjyEUp8jyFdgZHqHscoGEw"], ["created_at", "2021-09-29 00:17:04.108791"], ["updated_at", "2021-09-29 00:17:04.108791"]]
  ↳ app/controllers/api/users_controller.rb:5
  [1m[35m (4.1ms)[0m  [1m[35mCOMMIT[0m
  ↳ app/controllers/api/users_controller.rb:5
  [1m[35m (0.2ms)[0m  [1m[35mBEGIN[0m
  ↳ app/models/user.rb:42
  [1m[36mUser Exists (0.4ms)[0m  [1m[34mSELECT  1 AS one FROM "users" WHERE "users"."username" = $1 AND "users"."id" != $2 LIMIT $3[0m  [["username", "Asdf"], ["id", 2], ["LIMIT", 1]]
  ↳ app/models/user.rb:42
  [1m[36mUser Exists (0.3ms)[0m  [1m[34mSELECT  1 AS one FROM "users" WHERE "users"."email" = $1 AND "users"."id" != $2 LIMIT $3[0m  [["email", "asdf@gmail.com"], ["id", 2], ["LIMIT", 1]]
  ↳ app/models/user.rb:42
  [1m[36mUser Update (0.5ms)[0m  [1m[33mUPDATE "users" SET "session_token" = $1, "updated_at" = $2 WHERE "users"."id" = $3[0m  [["session_token", "oUtJuzAUaMdbp00Ff0uflA"], ["updated_at", "2021-09-29 00:17:04.118779"], ["id", 2]]
  ↳ app/models/user.rb:42
  [1m[35m (3.7ms)[0m  [1m[35mCOMMIT[0m
  ↳ app/models/user.rb:42
  Rendering api/users/show.json.jbuilder
  Rendered api/users/_user.json.jbuilder (0.3ms)
  Rendered api/users/show.json.jbuilder (1.1ms)
Completed 200 OK in 238ms (Views: 2.8ms | ActiveRecord: 11.3ms)


Started GET "/" for ::1 at 2021-09-28 17:17:50 -0700
Processing by StaticPagesController#root as HTML
  Rendering static_pages/root.html.erb within layouts/application
  Rendered static_pages/root.html.erb within layouts/application (0.5ms)
Completed 200 OK in 298ms (Views: 297.6ms | ActiveRecord: 0.0ms)


